[2021-04-26 15:43:53:670] [INFO] [1] - cn.ty.util.database.DbUtil.test(DbUtil.java:73) - 查询开始。
[2021-04-26 15:43:53:759] [INFO] [1] - cn.ty.util.database.DbUtil.test(DbUtil.java:75) - 查询开始结束。
[2021-04-26 15:43:53:760] [INFO] [1] - cn.ty.util.database.DbUtil.test(DbUtil.java:80) - 删除开始。
[2021-04-26 15:43:55:771] [INFO] [1] - cn.ty.util.database.DbUtil.test(DbUtil.java:73) - 查询开始。
[2021-04-26 15:43:55:791] [INFO] [1] - cn.ty.util.database.DbUtil.test(DbUtil.java:75) - 查询开始结束。
[2021-04-26 15:43:55:792] [INFO] [1] - cn.ty.util.database.DbUtil.test(DbUtil.java:80) - 删除开始。
[2021-04-26 15:43:57:797] [INFO] [1] - cn.ty.util.database.DbUtil.test(DbUtil.java:73) - 查询开始。
[2021-04-26 15:43:57:806] [INFO] [1] - cn.ty.util.database.DbUtil.test(DbUtil.java:75) - 查询开始结束。
[2021-04-26 15:43:57:807] [INFO] [1] - cn.ty.util.database.DbUtil.test(DbUtil.java:80) - 删除开始。
[2021-04-26 15:43:59:812] [INFO] [1] - cn.ty.util.database.DbUtil.test(DbUtil.java:73) - 查询开始。
[2021-04-26 15:43:59:820] [INFO] [1] - cn.ty.util.database.DbUtil.test(DbUtil.java:75) - 查询开始结束。
[2021-04-26 15:43:59:821] [INFO] [1] - cn.ty.util.database.DbUtil.test(DbUtil.java:80) - 删除开始。
[2021-04-26 15:44:01:825] [INFO] [1] - cn.ty.util.database.DbUtil.test(DbUtil.java:73) - 查询开始。
[2021-04-26 15:44:01:834] [INFO] [1] - cn.ty.util.database.DbUtil.test(DbUtil.java:75) - 查询开始结束。
[2021-04-26 15:44:01:835] [INFO] [1] - cn.ty.util.database.DbUtil.test(DbUtil.java:80) - 删除开始。
[2021-04-26 15:44:03:840] [INFO] [1] - cn.ty.util.database.DbUtil.test(DbUtil.java:73) - 查询开始。
[2021-04-26 15:44:03:849] [INFO] [1] - cn.ty.util.database.DbUtil.test(DbUtil.java:75) - 查询开始结束。
[2021-04-26 15:44:03:850] [INFO] [1] - cn.ty.util.database.DbUtil.test(DbUtil.java:80) - 删除开始。
[2021-04-26 15:44:05:854] [INFO] [1] - cn.ty.util.database.DbUtil.test(DbUtil.java:73) - 查询开始。
[2021-04-26 15:44:05:861] [INFO] [1] - cn.ty.util.database.DbUtil.test(DbUtil.java:75) - 查询开始结束。
[2021-04-26 15:44:05:862] [INFO] [1] - cn.ty.util.database.DbUtil.test(DbUtil.java:80) - 删除开始。
[2021-04-26 15:44:07:868] [INFO] [1] - cn.ty.util.database.DbUtil.test(DbUtil.java:73) - 查询开始。
[2021-04-26 15:44:07:877] [INFO] [1] - cn.ty.util.database.DbUtil.test(DbUtil.java:75) - 查询开始结束。
[2021-04-26 15:44:07:878] [INFO] [1] - cn.ty.util.database.DbUtil.test(DbUtil.java:80) - 删除开始。
[2021-04-26 15:44:09:888] [INFO] [1] - cn.ty.util.database.DbUtil.test(DbUtil.java:73) - 查询开始。
[2021-04-26 15:44:09:895] [INFO] [1] - cn.ty.util.database.DbUtil.test(DbUtil.java:75) - 查询开始结束。
[2021-04-26 15:44:09:896] [INFO] [1] - cn.ty.util.database.DbUtil.test(DbUtil.java:80) - 删除开始。
[2021-04-26 15:44:11:901] [INFO] [1] - cn.ty.util.database.DbUtil.test(DbUtil.java:73) - 查询开始。
[2021-04-26 15:44:11:909] [INFO] [1] - cn.ty.util.database.DbUtil.test(DbUtil.java:75) - 查询开始结束。
[2021-04-26 15:44:11:909] [INFO] [1] - cn.ty.util.database.DbUtil.test(DbUtil.java:80) - 删除开始。
[2021-04-26 15:44:13:914] [INFO] [1] - cn.ty.util.database.DbUtil.test(DbUtil.java:73) - 查询开始。
[2021-04-26 15:44:13:942] [INFO] [1] - cn.ty.util.database.DbUtil.test(DbUtil.java:75) - 查询开始结束。
[2021-04-26 15:44:13:942] [INFO] [1] - cn.ty.util.database.DbUtil.test(DbUtil.java:80) - 删除开始。
[2021-04-26 15:44:15:955] [INFO] [1] - cn.ty.util.database.DbUtil.test(DbUtil.java:73) - 查询开始。
[2021-04-26 15:44:15:964] [INFO] [1] - cn.ty.util.database.DbUtil.test(DbUtil.java:75) - 查询开始结束。
[2021-04-26 15:44:15:965] [INFO] [1] - cn.ty.util.database.DbUtil.test(DbUtil.java:80) - 删除开始。
[2021-04-26 15:44:17:971] [INFO] [1] - cn.ty.util.database.DbUtil.test(DbUtil.java:73) - 查询开始。
[2021-04-26 15:44:17:981] [INFO] [1] - cn.ty.util.database.DbUtil.test(DbUtil.java:75) - 查询开始结束。
[2021-04-26 15:44:17:983] [INFO] [1] - cn.ty.util.database.DbUtil.test(DbUtil.java:80) - 删除开始。
[2021-04-26 15:44:19:988] [INFO] [1] - cn.ty.util.database.DbUtil.test(DbUtil.java:73) - 查询开始。
[2021-04-26 15:44:19:997] [INFO] [1] - cn.ty.util.database.DbUtil.test(DbUtil.java:75) - 查询开始结束。
[2021-04-26 15:44:19:998] [INFO] [1] - cn.ty.util.database.DbUtil.test(DbUtil.java:80) - 删除开始。
[2021-04-26 15:44:22:004] [INFO] [1] - cn.ty.util.database.DbUtil.test(DbUtil.java:73) - 查询开始。
[2021-04-26 15:44:22:012] [INFO] [1] - cn.ty.util.database.DbUtil.test(DbUtil.java:75) - 查询开始结束。
[2021-04-26 15:44:22:013] [INFO] [1] - cn.ty.util.database.DbUtil.test(DbUtil.java:80) - 删除开始。
[2021-04-26 15:44:24:018] [INFO] [1] - cn.ty.util.database.DbUtil.test(DbUtil.java:73) - 查询开始。
[2021-04-26 15:44:24:026] [INFO] [1] - cn.ty.util.database.DbUtil.test(DbUtil.java:75) - 查询开始结束。
[2021-04-26 15:44:24:027] [INFO] [1] - cn.ty.util.database.DbUtil.test(DbUtil.java:80) - 删除开始。
[2021-04-26 15:44:26:032] [INFO] [1] - cn.ty.util.database.DbUtil.test(DbUtil.java:73) - 查询开始。
[2021-04-26 15:44:26:041] [INFO] [1] - cn.ty.util.database.DbUtil.test(DbUtil.java:75) - 查询开始结束。
[2021-04-26 15:44:26:042] [INFO] [1] - cn.ty.util.database.DbUtil.test(DbUtil.java:80) - 删除开始。
[2021-04-26 15:44:28:047] [INFO] [1] - cn.ty.util.database.DbUtil.test(DbUtil.java:73) - 查询开始。
[2021-04-26 15:44:28:057] [INFO] [1] - cn.ty.util.database.DbUtil.test(DbUtil.java:75) - 查询开始结束。
[2021-04-26 15:44:28:058] [INFO] [1] - cn.ty.util.database.DbUtil.test(DbUtil.java:80) - 删除开始。
[2021-04-26 15:44:30:064] [INFO] [1] - cn.ty.util.database.DbUtil.test(DbUtil.java:73) - 查询开始。
[2021-04-26 15:44:30:074] [INFO] [1] - cn.ty.util.database.DbUtil.test(DbUtil.java:75) - 查询开始结束。
[2021-04-26 15:44:30:076] [INFO] [1] - cn.ty.util.database.DbUtil.test(DbUtil.java:80) - 删除开始。
[2021-04-26 15:44:32:085] [INFO] [1] - cn.ty.util.database.DbUtil.test(DbUtil.java:73) - 查询开始。
[2021-04-26 15:44:32:092] [INFO] [1] - cn.ty.util.database.DbUtil.test(DbUtil.java:75) - 查询开始结束。
[2021-04-26 15:44:32:093] [INFO] [1] - cn.ty.util.database.DbUtil.test(DbUtil.java:80) - 删除开始。
[2021-04-26 15:44:34:099] [INFO] [1] - cn.ty.util.database.DbUtil.test(DbUtil.java:73) - 查询开始。
[2021-04-26 15:44:34:106] [INFO] [1] - cn.ty.util.database.DbUtil.test(DbUtil.java:75) - 查询开始结束。
[2021-04-26 15:44:34:107] [INFO] [1] - cn.ty.util.database.DbUtil.test(DbUtil.java:80) - 删除开始。
[2021-04-26 15:45:33:562] [INFO] [1] - cn.ty.util.database.DbUtil.test(DbUtil.java:73) - 查询开始。
[2021-04-26 15:45:33:623] [INFO] [1] - cn.ty.util.database.DbUtil.test(DbUtil.java:75) - 查询开始结束。
[2021-04-26 15:45:33:624] [INFO] [1] - cn.ty.util.database.DbUtil.test(DbUtil.java:80) - 删除开始。
[2021-04-26 15:45:33:677] [INFO] [1] - cn.ty.util.database.DbUtil.test(DbUtil.java:83) - 删除结束。
[2021-04-26 15:45:34:330] [INFO] [1] - cn.ty.util.database.DbUtil.test(DbUtil.java:93) - 插入开始。
[2021-04-26 15:45:34:698] [INFO] [1] - cn.ty.util.database.DbUtil.test(DbUtil.java:96) - 插入结束。
[2021-04-26 15:45:36:706] [INFO] [1] - cn.ty.util.database.DbUtil.test(DbUtil.java:73) - 查询开始。
[2021-04-26 15:45:36:725] [INFO] [1] - cn.ty.util.database.DbUtil.test(DbUtil.java:75) - 查询开始结束。
[2021-04-26 15:45:36:726] [INFO] [1] - cn.ty.util.database.DbUtil.test(DbUtil.java:80) - 删除开始。
[2021-04-26 15:45:36:735] [INFO] [1] - cn.ty.util.database.DbUtil.test(DbUtil.java:83) - 删除结束。
[2021-04-26 15:45:37:205] [INFO] [1] - cn.ty.util.database.DbUtil.test(DbUtil.java:93) - 插入开始。
[2021-04-26 15:45:37:339] [INFO] [1] - cn.ty.util.database.DbUtil.test(DbUtil.java:96) - 插入结束。
[2021-04-26 15:45:39:349] [INFO] [1] - cn.ty.util.database.DbUtil.test(DbUtil.java:73) - 查询开始。
[2021-04-26 15:45:39:365] [INFO] [1] - cn.ty.util.database.DbUtil.test(DbUtil.java:75) - 查询开始结束。
[2021-04-26 15:45:39:366] [INFO] [1] - cn.ty.util.database.DbUtil.test(DbUtil.java:80) - 删除开始。
[2021-04-26 15:45:39:374] [INFO] [1] - cn.ty.util.database.DbUtil.test(DbUtil.java:83) - 删除结束。
[2021-04-26 15:45:39:838] [INFO] [1] - cn.ty.util.database.DbUtil.test(DbUtil.java:93) - 插入开始。
[2021-04-26 15:45:39:955] [INFO] [1] - cn.ty.util.database.DbUtil.test(DbUtil.java:96) - 插入结束。
[2021-04-26 15:45:41:965] [INFO] [1] - cn.ty.util.database.DbUtil.test(DbUtil.java:73) - 查询开始。
[2021-04-26 15:45:41:974] [INFO] [1] - cn.ty.util.database.DbUtil.test(DbUtil.java:75) - 查询开始结束。
[2021-04-26 15:45:41:975] [INFO] [1] - cn.ty.util.database.DbUtil.test(DbUtil.java:80) - 删除开始。
[2021-04-26 15:45:41:984] [INFO] [1] - cn.ty.util.database.DbUtil.test(DbUtil.java:83) - 删除结束。
[2021-04-26 15:45:42:467] [INFO] [1] - cn.ty.util.database.DbUtil.test(DbUtil.java:93) - 插入开始。
[2021-04-26 15:45:42:551] [INFO] [1] - cn.ty.util.database.DbUtil.test(DbUtil.java:96) - 插入结束。
[2021-04-26 15:45:44:560] [INFO] [1] - cn.ty.util.database.DbUtil.test(DbUtil.java:73) - 查询开始。
[2021-04-26 15:45:44:567] [INFO] [1] - cn.ty.util.database.DbUtil.test(DbUtil.java:75) - 查询开始结束。
[2021-04-26 15:45:44:568] [INFO] [1] - cn.ty.util.database.DbUtil.test(DbUtil.java:80) - 删除开始。
[2021-04-26 15:45:44:576] [INFO] [1] - cn.ty.util.database.DbUtil.test(DbUtil.java:83) - 删除结束。
[2021-04-26 15:45:45:048] [INFO] [1] - cn.ty.util.database.DbUtil.test(DbUtil.java:93) - 插入开始。
[2021-04-26 15:45:45:106] [INFO] [1] - cn.ty.util.database.DbUtil.test(DbUtil.java:96) - 插入结束。
[2021-04-26 15:45:47:118] [INFO] [1] - cn.ty.util.database.DbUtil.test(DbUtil.java:73) - 查询开始。
[2021-04-26 15:45:47:126] [INFO] [1] - cn.ty.util.database.DbUtil.test(DbUtil.java:75) - 查询开始结束。
[2021-04-26 15:45:47:127] [INFO] [1] - cn.ty.util.database.DbUtil.test(DbUtil.java:80) - 删除开始。
[2021-04-26 15:45:47:140] [INFO] [1] - cn.ty.util.database.DbUtil.test(DbUtil.java:83) - 删除结束。
[2021-04-26 15:45:47:688] [INFO] [1] - cn.ty.util.database.DbUtil.test(DbUtil.java:93) - 插入开始。
[2021-04-26 15:45:47:750] [INFO] [1] - cn.ty.util.database.DbUtil.test(DbUtil.java:96) - 插入结束。
[2021-04-26 15:45:49:758] [INFO] [1] - cn.ty.util.database.DbUtil.test(DbUtil.java:73) - 查询开始。
[2021-04-26 15:45:49:765] [INFO] [1] - cn.ty.util.database.DbUtil.test(DbUtil.java:75) - 查询开始结束。
[2021-04-26 15:45:49:766] [INFO] [1] - cn.ty.util.database.DbUtil.test(DbUtil.java:80) - 删除开始。
[2021-04-26 15:45:49:778] [INFO] [1] - cn.ty.util.database.DbUtil.test(DbUtil.java:83) - 删除结束。
[2021-04-26 15:45:50:354] [INFO] [1] - cn.ty.util.database.DbUtil.test(DbUtil.java:93) - 插入开始。
[2021-04-26 15:45:50:424] [INFO] [1] - cn.ty.util.database.DbUtil.test(DbUtil.java:96) - 插入结束。
[2021-04-26 15:45:52:434] [INFO] [1] - cn.ty.util.database.DbUtil.test(DbUtil.java:73) - 查询开始。
[2021-04-26 15:45:52:443] [INFO] [1] - cn.ty.util.database.DbUtil.test(DbUtil.java:75) - 查询开始结束。
[2021-04-26 15:45:52:444] [INFO] [1] - cn.ty.util.database.DbUtil.test(DbUtil.java:80) - 删除开始。
[2021-04-26 15:45:52:452] [INFO] [1] - cn.ty.util.database.DbUtil.test(DbUtil.java:83) - 删除结束。
[2021-04-26 15:45:53:010] [INFO] [1] - cn.ty.util.database.DbUtil.test(DbUtil.java:93) - 插入开始。
[2021-04-26 15:45:53:087] [INFO] [1] - cn.ty.util.database.DbUtil.test(DbUtil.java:96) - 插入结束。
[2021-04-26 15:45:55:094] [INFO] [1] - cn.ty.util.database.DbUtil.test(DbUtil.java:73) - 查询开始。
[2021-04-26 15:45:55:103] [INFO] [1] - cn.ty.util.database.DbUtil.test(DbUtil.java:75) - 查询开始结束。
[2021-04-26 15:45:55:104] [INFO] [1] - cn.ty.util.database.DbUtil.test(DbUtil.java:80) - 删除开始。
[2021-04-26 15:45:55:128] [INFO] [1] - cn.ty.util.database.DbUtil.test(DbUtil.java:83) - 删除结束。
[2021-04-26 15:45:55:609] [INFO] [1] - cn.ty.util.database.DbUtil.test(DbUtil.java:93) - 插入开始。
[2021-04-26 15:45:55:661] [INFO] [1] - cn.ty.util.database.DbUtil.test(DbUtil.java:96) - 插入结束。
[2021-04-26 15:45:57:668] [INFO] [1] - cn.ty.util.database.DbUtil.test(DbUtil.java:73) - 查询开始。
[2021-04-26 15:45:57:681] [INFO] [1] - cn.ty.util.database.DbUtil.test(DbUtil.java:75) - 查询开始结束。
[2021-04-26 15:45:57:682] [INFO] [1] - cn.ty.util.database.DbUtil.test(DbUtil.java:80) - 删除开始。
[2021-04-26 15:45:57:701] [INFO] [1] - cn.ty.util.database.DbUtil.test(DbUtil.java:83) - 删除结束。
[2021-04-26 15:45:58:181] [INFO] [1] - cn.ty.util.database.DbUtil.test(DbUtil.java:93) - 插入开始。
[2021-04-26 15:45:58:235] [INFO] [1] - cn.ty.util.database.DbUtil.test(DbUtil.java:96) - 插入结束。
[2021-04-26 15:46:00:245] [INFO] [1] - cn.ty.util.database.DbUtil.test(DbUtil.java:73) - 查询开始。
[2021-04-26 15:46:00:254] [INFO] [1] - cn.ty.util.database.DbUtil.test(DbUtil.java:75) - 查询开始结束。
[2021-04-26 15:46:00:255] [INFO] [1] - cn.ty.util.database.DbUtil.test(DbUtil.java:80) - 删除开始。
[2021-04-26 15:46:00:265] [INFO] [1] - cn.ty.util.database.DbUtil.test(DbUtil.java:83) - 删除结束。
[2021-04-26 15:46:00:770] [INFO] [1] - cn.ty.util.database.DbUtil.test(DbUtil.java:93) - 插入开始。
[2021-04-26 15:46:00:859] [INFO] [1] - cn.ty.util.database.DbUtil.test(DbUtil.java:96) - 插入结束。
[2021-04-26 15:46:02:868] [INFO] [1] - cn.ty.util.database.DbUtil.test(DbUtil.java:73) - 查询开始。
[2021-04-26 15:46:02:875] [INFO] [1] - cn.ty.util.database.DbUtil.test(DbUtil.java:75) - 查询开始结束。
[2021-04-26 15:46:02:876] [INFO] [1] - cn.ty.util.database.DbUtil.test(DbUtil.java:80) - 删除开始。
[2021-04-26 15:46:02:884] [INFO] [1] - cn.ty.util.database.DbUtil.test(DbUtil.java:83) - 删除结束。
[2021-04-26 15:46:03:408] [INFO] [1] - cn.ty.util.database.DbUtil.test(DbUtil.java:93) - 插入开始。
[2021-04-26 15:46:03:470] [INFO] [1] - cn.ty.util.database.DbUtil.test(DbUtil.java:96) - 插入结束。
[2021-04-26 15:46:05:477] [INFO] [1] - cn.ty.util.database.DbUtil.test(DbUtil.java:73) - 查询开始。
[2021-04-26 15:46:05:485] [INFO] [1] - cn.ty.util.database.DbUtil.test(DbUtil.java:75) - 查询开始结束。
[2021-04-26 15:46:05:486] [INFO] [1] - cn.ty.util.database.DbUtil.test(DbUtil.java:80) - 删除开始。
[2021-04-26 15:46:05:495] [INFO] [1] - cn.ty.util.database.DbUtil.test(DbUtil.java:83) - 删除结束。
[2021-04-26 15:46:06:001] [INFO] [1] - cn.ty.util.database.DbUtil.test(DbUtil.java:93) - 插入开始。
[2021-04-26 15:46:06:052] [INFO] [1] - cn.ty.util.database.DbUtil.test(DbUtil.java:96) - 插入结束。
[2021-04-26 15:46:08:062] [INFO] [1] - cn.ty.util.database.DbUtil.test(DbUtil.java:73) - 查询开始。
[2021-04-26 15:46:08:069] [INFO] [1] - cn.ty.util.database.DbUtil.test(DbUtil.java:75) - 查询开始结束。
[2021-04-26 15:46:08:070] [INFO] [1] - cn.ty.util.database.DbUtil.test(DbUtil.java:80) - 删除开始。
[2021-04-26 15:46:08:080] [INFO] [1] - cn.ty.util.database.DbUtil.test(DbUtil.java:83) - 删除结束。
[2021-04-26 15:46:08:626] [INFO] [1] - cn.ty.util.database.DbUtil.test(DbUtil.java:93) - 插入开始。
[2021-04-26 15:46:08:685] [INFO] [1] - cn.ty.util.database.DbUtil.test(DbUtil.java:96) - 插入结束。
[2021-04-26 15:46:10:695] [INFO] [1] - cn.ty.util.database.DbUtil.test(DbUtil.java:73) - 查询开始。
[2021-04-26 15:46:10:703] [INFO] [1] - cn.ty.util.database.DbUtil.test(DbUtil.java:75) - 查询开始结束。
[2021-04-26 15:46:10:704] [INFO] [1] - cn.ty.util.database.DbUtil.test(DbUtil.java:80) - 删除开始。
[2021-04-26 15:46:10:715] [INFO] [1] - cn.ty.util.database.DbUtil.test(DbUtil.java:83) - 删除结束。
[2021-04-26 15:46:11:179] [INFO] [1] - cn.ty.util.database.DbUtil.test(DbUtil.java:93) - 插入开始。
[2021-04-26 15:46:11:233] [INFO] [1] - cn.ty.util.database.DbUtil.test(DbUtil.java:96) - 插入结束。
[2021-04-26 15:46:13:241] [INFO] [1] - cn.ty.util.database.DbUtil.test(DbUtil.java:73) - 查询开始。
[2021-04-26 15:46:13:250] [INFO] [1] - cn.ty.util.database.DbUtil.test(DbUtil.java:75) - 查询开始结束。
[2021-04-26 15:46:13:250] [INFO] [1] - cn.ty.util.database.DbUtil.test(DbUtil.java:80) - 删除开始。
[2021-04-26 15:46:13:262] [INFO] [1] - cn.ty.util.database.DbUtil.test(DbUtil.java:83) - 删除结束。
[2021-04-26 15:46:13:752] [INFO] [1] - cn.ty.util.database.DbUtil.test(DbUtil.java:93) - 插入开始。
[2021-04-26 15:46:13:806] [INFO] [1] - cn.ty.util.database.DbUtil.test(DbUtil.java:96) - 插入结束。
[2021-04-26 15:46:15:815] [INFO] [1] - cn.ty.util.database.DbUtil.test(DbUtil.java:73) - 查询开始。
[2021-04-26 15:46:15:827] [INFO] [1] - cn.ty.util.database.DbUtil.test(DbUtil.java:75) - 查询开始结束。
[2021-04-26 15:46:15:828] [INFO] [1] - cn.ty.util.database.DbUtil.test(DbUtil.java:80) - 删除开始。
[2021-04-26 15:46:15:838] [INFO] [1] - cn.ty.util.database.DbUtil.test(DbUtil.java:83) - 删除结束。
[2021-04-26 15:46:16:417] [INFO] [1] - cn.ty.util.database.DbUtil.test(DbUtil.java:93) - 插入开始。
[2021-04-26 15:46:16:480] [INFO] [1] - cn.ty.util.database.DbUtil.test(DbUtil.java:96) - 插入结束。
[2021-04-26 15:46:18:488] [INFO] [1] - cn.ty.util.database.DbUtil.test(DbUtil.java:73) - 查询开始。
[2021-04-26 15:46:18:497] [INFO] [1] - cn.ty.util.database.DbUtil.test(DbUtil.java:75) - 查询开始结束。
[2021-04-26 15:46:18:498] [INFO] [1] - cn.ty.util.database.DbUtil.test(DbUtil.java:80) - 删除开始。
[2021-04-26 15:46:18:512] [INFO] [1] - cn.ty.util.database.DbUtil.test(DbUtil.java:83) - 删除结束。
[2021-04-26 15:46:19:020] [INFO] [1] - cn.ty.util.database.DbUtil.test(DbUtil.java:93) - 插入开始。
[2021-04-26 15:46:19:066] [INFO] [1] - cn.ty.util.database.DbUtil.test(DbUtil.java:96) - 插入结束。
[2021-04-26 15:46:21:077] [INFO] [1] - cn.ty.util.database.DbUtil.test(DbUtil.java:73) - 查询开始。
[2021-04-26 15:46:21:085] [INFO] [1] - cn.ty.util.database.DbUtil.test(DbUtil.java:75) - 查询开始结束。
[2021-04-26 15:46:21:086] [INFO] [1] - cn.ty.util.database.DbUtil.test(DbUtil.java:80) - 删除开始。
[2021-04-26 15:46:21:103] [INFO] [1] - cn.ty.util.database.DbUtil.test(DbUtil.java:83) - 删除结束。
[2021-04-26 15:46:21:604] [INFO] [1] - cn.ty.util.database.DbUtil.test(DbUtil.java:93) - 插入开始。
[2021-04-26 15:46:21:665] [INFO] [1] - cn.ty.util.database.DbUtil.test(DbUtil.java:96) - 插入结束。
[2021-04-26 15:46:23:672] [INFO] [1] - cn.ty.util.database.DbUtil.test(DbUtil.java:73) - 查询开始。
[2021-04-26 15:46:23:681] [INFO] [1] - cn.ty.util.database.DbUtil.test(DbUtil.java:75) - 查询开始结束。
[2021-04-26 15:46:23:682] [INFO] [1] - cn.ty.util.database.DbUtil.test(DbUtil.java:80) - 删除开始。
[2021-04-26 15:46:23:692] [INFO] [1] - cn.ty.util.database.DbUtil.test(DbUtil.java:83) - 删除结束。
[2021-04-26 15:46:24:217] [INFO] [1] - cn.ty.util.database.DbUtil.test(DbUtil.java:93) - 插入开始。
[2021-04-26 15:46:24:297] [INFO] [1] - cn.ty.util.database.DbUtil.test(DbUtil.java:96) - 插入结束。
[2021-04-26 15:46:26:309] [INFO] [1] - cn.ty.util.database.DbUtil.test(DbUtil.java:73) - 查询开始。
[2021-04-26 15:46:26:318] [INFO] [1] - cn.ty.util.database.DbUtil.test(DbUtil.java:75) - 查询开始结束。
[2021-04-26 15:46:26:318] [INFO] [1] - cn.ty.util.database.DbUtil.test(DbUtil.java:80) - 删除开始。
[2021-04-26 15:46:26:326] [INFO] [1] - cn.ty.util.database.DbUtil.test(DbUtil.java:83) - 删除结束。
[2021-04-26 15:46:26:814] [INFO] [1] - cn.ty.util.database.DbUtil.test(DbUtil.java:93) - 插入开始。
[2021-04-26 15:46:26:933] [INFO] [1] - cn.ty.util.database.DbUtil.test(DbUtil.java:96) - 插入结束。
[2021-04-26 15:46:28:946] [INFO] [1] - cn.ty.util.database.DbUtil.test(DbUtil.java:73) - 查询开始。
[2021-04-26 15:46:28:953] [INFO] [1] - cn.ty.util.database.DbUtil.test(DbUtil.java:75) - 查询开始结束。
[2021-04-26 15:46:28:954] [INFO] [1] - cn.ty.util.database.DbUtil.test(DbUtil.java:80) - 删除开始。
[2021-04-26 15:46:28:964] [INFO] [1] - cn.ty.util.database.DbUtil.test(DbUtil.java:83) - 删除结束。
[2021-04-26 15:46:29:405] [INFO] [1] - cn.ty.util.database.DbUtil.test(DbUtil.java:93) - 插入开始。
[2021-04-26 15:46:29:479] [INFO] [1] - cn.ty.util.database.DbUtil.test(DbUtil.java:96) - 插入结束。
[2021-04-26 15:46:31:487] [INFO] [1] - cn.ty.util.database.DbUtil.test(DbUtil.java:73) - 查询开始。
[2021-04-26 15:46:31:495] [INFO] [1] - cn.ty.util.database.DbUtil.test(DbUtil.java:75) - 查询开始结束。
[2021-04-26 15:46:31:496] [INFO] [1] - cn.ty.util.database.DbUtil.test(DbUtil.java:80) - 删除开始。
[2021-04-26 15:46:31:503] [INFO] [1] - cn.ty.util.database.DbUtil.test(DbUtil.java:83) - 删除结束。
[2021-04-26 15:46:31:939] [INFO] [1] - cn.ty.util.database.DbUtil.test(DbUtil.java:93) - 插入开始。
[2021-04-26 15:46:32:012] [INFO] [1] - cn.ty.util.database.DbUtil.test(DbUtil.java:96) - 插入结束。
[2021-04-26 15:46:34:020] [INFO] [1] - cn.ty.util.database.DbUtil.test(DbUtil.java:73) - 查询开始。
[2021-04-26 15:46:34:028] [INFO] [1] - cn.ty.util.database.DbUtil.test(DbUtil.java:75) - 查询开始结束。
[2021-04-26 15:46:34:029] [INFO] [1] - cn.ty.util.database.DbUtil.test(DbUtil.java:80) - 删除开始。
[2021-04-26 15:46:34:038] [INFO] [1] - cn.ty.util.database.DbUtil.test(DbUtil.java:83) - 删除结束。
[2021-04-26 15:46:34:516] [INFO] [1] - cn.ty.util.database.DbUtil.test(DbUtil.java:93) - 插入开始。
[2021-04-26 15:46:34:587] [INFO] [1] - cn.ty.util.database.DbUtil.test(DbUtil.java:96) - 插入结束。
[2021-04-26 15:46:36:598] [INFO] [1] - cn.ty.util.database.DbUtil.test(DbUtil.java:73) - 查询开始。
[2021-04-26 15:46:36:606] [INFO] [1] - cn.ty.util.database.DbUtil.test(DbUtil.java:75) - 查询开始结束。
[2021-04-26 15:46:36:607] [INFO] [1] - cn.ty.util.database.DbUtil.test(DbUtil.java:80) - 删除开始。
[2021-04-26 15:46:36:625] [INFO] [1] - cn.ty.util.database.DbUtil.test(DbUtil.java:83) - 删除结束。
[2021-04-26 15:46:37:096] [INFO] [1] - cn.ty.util.database.DbUtil.test(DbUtil.java:93) - 插入开始。
[2021-04-26 15:46:37:159] [INFO] [1] - cn.ty.util.database.DbUtil.test(DbUtil.java:96) - 插入结束。
[2021-04-26 15:46:39:169] [INFO] [1] - cn.ty.util.database.DbUtil.test(DbUtil.java:73) - 查询开始。
[2021-04-26 15:46:39:175] [INFO] [1] - cn.ty.util.database.DbUtil.test(DbUtil.java:75) - 查询开始结束。
[2021-04-26 15:46:39:176] [INFO] [1] - cn.ty.util.database.DbUtil.test(DbUtil.java:80) - 删除开始。
[2021-04-26 15:46:39:185] [INFO] [1] - cn.ty.util.database.DbUtil.test(DbUtil.java:83) - 删除结束。
[2021-04-26 15:46:39:635] [INFO] [1] - cn.ty.util.database.DbUtil.test(DbUtil.java:93) - 插入开始。
[2021-04-26 15:46:39:733] [INFO] [1] - cn.ty.util.database.DbUtil.test(DbUtil.java:96) - 插入结束。
[2021-04-26 15:46:41:748] [INFO] [1] - cn.ty.util.database.DbUtil.test(DbUtil.java:73) - 查询开始。
[2021-04-26 15:46:41:756] [INFO] [1] - cn.ty.util.database.DbUtil.test(DbUtil.java:75) - 查询开始结束。
[2021-04-26 15:46:41:757] [INFO] [1] - cn.ty.util.database.DbUtil.test(DbUtil.java:80) - 删除开始。
[2021-04-26 15:46:41:766] [INFO] [1] - cn.ty.util.database.DbUtil.test(DbUtil.java:83) - 删除结束。
[2021-04-26 15:46:42:216] [INFO] [1] - cn.ty.util.database.DbUtil.test(DbUtil.java:93) - 插入开始。
[2021-04-26 15:46:42:294] [INFO] [1] - cn.ty.util.database.DbUtil.test(DbUtil.java:96) - 插入结束。
[2021-04-26 15:46:44:303] [INFO] [1] - cn.ty.util.database.DbUtil.test(DbUtil.java:73) - 查询开始。
[2021-04-26 15:46:44:313] [INFO] [1] - cn.ty.util.database.DbUtil.test(DbUtil.java:75) - 查询开始结束。
[2021-04-26 15:46:44:313] [INFO] [1] - cn.ty.util.database.DbUtil.test(DbUtil.java:80) - 删除开始。
[2021-04-26 15:46:44:330] [INFO] [1] - cn.ty.util.database.DbUtil.test(DbUtil.java:83) - 删除结束。
[2021-04-26 15:46:44:826] [INFO] [1] - cn.ty.util.database.DbUtil.test(DbUtil.java:93) - 插入开始。
[2021-04-26 15:46:44:914] [INFO] [1] - cn.ty.util.database.DbUtil.test(DbUtil.java:96) - 插入结束。
[2021-04-26 15:46:46:924] [INFO] [1] - cn.ty.util.database.DbUtil.test(DbUtil.java:73) - 查询开始。
[2021-04-26 15:46:46:932] [INFO] [1] - cn.ty.util.database.DbUtil.test(DbUtil.java:75) - 查询开始结束。
[2021-04-26 15:46:46:933] [INFO] [1] - cn.ty.util.database.DbUtil.test(DbUtil.java:80) - 删除开始。
[2021-04-26 15:46:46:944] [INFO] [1] - cn.ty.util.database.DbUtil.test(DbUtil.java:83) - 删除结束。
[2021-04-26 15:46:47:446] [INFO] [1] - cn.ty.util.database.DbUtil.test(DbUtil.java:93) - 插入开始。
[2021-04-26 15:46:47:517] [INFO] [1] - cn.ty.util.database.DbUtil.test(DbUtil.java:96) - 插入结束。
[2021-04-26 15:46:49:525] [INFO] [1] - cn.ty.util.database.DbUtil.test(DbUtil.java:73) - 查询开始。
[2021-04-26 15:46:49:532] [INFO] [1] - cn.ty.util.database.DbUtil.test(DbUtil.java:75) - 查询开始结束。
[2021-04-26 15:46:49:533] [INFO] [1] - cn.ty.util.database.DbUtil.test(DbUtil.java:80) - 删除开始。
[2021-04-26 15:46:49:541] [INFO] [1] - cn.ty.util.database.DbUtil.test(DbUtil.java:83) - 删除结束。
[2021-04-26 15:46:50:026] [INFO] [1] - cn.ty.util.database.DbUtil.test(DbUtil.java:93) - 插入开始。
[2021-04-26 15:46:50:086] [INFO] [1] - cn.ty.util.database.DbUtil.test(DbUtil.java:96) - 插入结束。
[2021-04-26 15:46:52:097] [INFO] [1] - cn.ty.util.database.DbUtil.test(DbUtil.java:73) - 查询开始。
[2021-04-26 15:46:52:105] [INFO] [1] - cn.ty.util.database.DbUtil.test(DbUtil.java:75) - 查询开始结束。
[2021-04-26 15:46:52:106] [INFO] [1] - cn.ty.util.database.DbUtil.test(DbUtil.java:80) - 删除开始。
[2021-04-26 15:46:52:114] [INFO] [1] - cn.ty.util.database.DbUtil.test(DbUtil.java:83) - 删除结束。
[2021-04-26 15:46:52:576] [INFO] [1] - cn.ty.util.database.DbUtil.test(DbUtil.java:93) - 插入开始。
[2021-04-26 15:46:52:652] [INFO] [1] - cn.ty.util.database.DbUtil.test(DbUtil.java:96) - 插入结束。
[2021-04-26 15:46:54:661] [INFO] [1] - cn.ty.util.database.DbUtil.test(DbUtil.java:73) - 查询开始。
[2021-04-26 15:46:54:669] [INFO] [1] - cn.ty.util.database.DbUtil.test(DbUtil.java:75) - 查询开始结束。
[2021-04-26 15:46:54:670] [INFO] [1] - cn.ty.util.database.DbUtil.test(DbUtil.java:80) - 删除开始。
[2021-04-26 15:46:54:679] [INFO] [1] - cn.ty.util.database.DbUtil.test(DbUtil.java:83) - 删除结束。
[2021-04-26 15:46:55:137] [INFO] [1] - cn.ty.util.database.DbUtil.test(DbUtil.java:93) - 插入开始。
[2021-04-26 15:46:55:193] [INFO] [1] - cn.ty.util.database.DbUtil.test(DbUtil.java:96) - 插入结束。
[2021-04-26 15:46:57:202] [INFO] [1] - cn.ty.util.database.DbUtil.test(DbUtil.java:73) - 查询开始。
[2021-04-26 15:46:57:209] [INFO] [1] - cn.ty.util.database.DbUtil.test(DbUtil.java:75) - 查询开始结束。
[2021-04-26 15:46:57:210] [INFO] [1] - cn.ty.util.database.DbUtil.test(DbUtil.java:80) - 删除开始。
[2021-04-26 15:46:57:217] [INFO] [1] - cn.ty.util.database.DbUtil.test(DbUtil.java:83) - 删除结束。
[2021-04-26 15:46:57:692] [INFO] [1] - cn.ty.util.database.DbUtil.test(DbUtil.java:93) - 插入开始。
[2021-04-26 15:46:57:775] [INFO] [1] - cn.ty.util.database.DbUtil.test(DbUtil.java:96) - 插入结束。
[2021-04-26 15:46:59:783] [INFO] [1] - cn.ty.util.database.DbUtil.test(DbUtil.java:73) - 查询开始。
[2021-04-26 15:46:59:792] [INFO] [1] - cn.ty.util.database.DbUtil.test(DbUtil.java:75) - 查询开始结束。
[2021-04-26 15:46:59:793] [INFO] [1] - cn.ty.util.database.DbUtil.test(DbUtil.java:80) - 删除开始。
[2021-04-26 15:46:59:801] [INFO] [1] - cn.ty.util.database.DbUtil.test(DbUtil.java:83) - 删除结束。
[2021-04-26 15:47:00:291] [INFO] [1] - cn.ty.util.database.DbUtil.test(DbUtil.java:93) - 插入开始。
[2021-04-26 15:47:00:388] [INFO] [1] - cn.ty.util.database.DbUtil.test(DbUtil.java:96) - 插入结束。
[2021-04-26 15:47:02:400] [INFO] [1] - cn.ty.util.database.DbUtil.test(DbUtil.java:73) - 查询开始。
[2021-04-26 15:47:02:408] [INFO] [1] - cn.ty.util.database.DbUtil.test(DbUtil.java:75) - 查询开始结束。
[2021-04-26 15:47:02:409] [INFO] [1] - cn.ty.util.database.DbUtil.test(DbUtil.java:80) - 删除开始。
[2021-04-26 15:47:02:419] [INFO] [1] - cn.ty.util.database.DbUtil.test(DbUtil.java:83) - 删除结束。
[2021-04-26 15:47:02:861] [INFO] [1] - cn.ty.util.database.DbUtil.test(DbUtil.java:93) - 插入开始。
[2021-04-26 15:47:02:919] [INFO] [1] - cn.ty.util.database.DbUtil.test(DbUtil.java:96) - 插入结束。
[2021-04-26 15:47:04:929] [INFO] [1] - cn.ty.util.database.DbUtil.test(DbUtil.java:73) - 查询开始。
[2021-04-26 15:47:04:937] [INFO] [1] - cn.ty.util.database.DbUtil.test(DbUtil.java:75) - 查询开始结束。
[2021-04-26 15:47:04:938] [INFO] [1] - cn.ty.util.database.DbUtil.test(DbUtil.java:80) - 删除开始。
[2021-04-26 15:47:04:946] [INFO] [1] - cn.ty.util.database.DbUtil.test(DbUtil.java:83) - 删除结束。
[2021-04-26 15:47:05:439] [INFO] [1] - cn.ty.util.database.DbUtil.test(DbUtil.java:93) - 插入开始。
[2021-04-26 15:47:05:501] [INFO] [1] - cn.ty.util.database.DbUtil.test(DbUtil.java:96) - 插入结束。
[2021-04-26 15:47:07:514] [INFO] [1] - cn.ty.util.database.DbUtil.test(DbUtil.java:73) - 查询开始。
[2021-04-26 15:47:07:522] [INFO] [1] - cn.ty.util.database.DbUtil.test(DbUtil.java:75) - 查询开始结束。
[2021-04-26 15:47:07:523] [INFO] [1] - cn.ty.util.database.DbUtil.test(DbUtil.java:80) - 删除开始。
[2021-04-26 15:47:07:532] [INFO] [1] - cn.ty.util.database.DbUtil.test(DbUtil.java:83) - 删除结束。
[2021-04-26 15:47:07:997] [INFO] [1] - cn.ty.util.database.DbUtil.test(DbUtil.java:93) - 插入开始。
[2021-04-26 15:47:08:051] [INFO] [1] - cn.ty.util.database.DbUtil.test(DbUtil.java:96) - 插入结束。
[2021-04-26 15:47:10:060] [INFO] [1] - cn.ty.util.database.DbUtil.test(DbUtil.java:73) - 查询开始。
[2021-04-26 15:47:16:381] [INFO] [1] - cn.ty.util.database.DbUtil.test(DbUtil.java:75) - 查询开始结束。
[2021-04-26 15:47:16:382] [INFO] [1] - cn.ty.util.database.DbUtil.test(DbUtil.java:80) - 删除开始。
[2021-04-26 15:47:16:433] [INFO] [1] - cn.ty.util.database.DbUtil.test(DbUtil.java:83) - 删除结束。
[2021-04-26 15:47:17:096] [INFO] [1] - cn.ty.util.database.DbUtil.test(DbUtil.java:93) - 插入开始。
[2021-04-26 15:47:17:222] [INFO] [1] - cn.ty.util.database.DbUtil.test(DbUtil.java:96) - 插入结束。
[2021-04-26 15:47:19:231] [INFO] [1] - cn.ty.util.database.DbUtil.test(DbUtil.java:73) - 查询开始。
[2021-04-26 15:47:19:262] [INFO] [1] - cn.ty.util.database.DbUtil.test(DbUtil.java:75) - 查询开始结束。
[2021-04-26 15:47:19:263] [INFO] [1] - cn.ty.util.database.DbUtil.test(DbUtil.java:80) - 删除开始。
[2021-04-26 15:47:19:301] [INFO] [1] - cn.ty.util.database.DbUtil.test(DbUtil.java:83) - 删除结束。
[2021-04-26 15:47:19:843] [INFO] [1] - cn.ty.util.database.DbUtil.test(DbUtil.java:93) - 插入开始。
[2021-04-26 15:47:19:922] [INFO] [1] - cn.ty.util.database.DbUtil.test(DbUtil.java:96) - 插入结束。
[2021-04-26 15:47:21:936] [INFO] [1] - cn.ty.util.database.DbUtil.test(DbUtil.java:73) - 查询开始。
[2021-04-26 15:47:21:943] [INFO] [1] - cn.ty.util.database.DbUtil.test(DbUtil.java:75) - 查询开始结束。
[2021-04-26 15:47:21:944] [INFO] [1] - cn.ty.util.database.DbUtil.test(DbUtil.java:80) - 删除开始。
[2021-04-26 15:47:21:952] [INFO] [1] - cn.ty.util.database.DbUtil.test(DbUtil.java:83) - 删除结束。
[2021-04-26 15:47:22:458] [INFO] [1] - cn.ty.util.database.DbUtil.test(DbUtil.java:93) - 插入开始。
[2021-04-26 15:47:22:516] [INFO] [1] - cn.ty.util.database.DbUtil.test(DbUtil.java:96) - 插入结束。
[2021-04-26 15:47:24:549] [INFO] [1] - cn.ty.util.database.DbUtil.test(DbUtil.java:73) - 查询开始。
[2021-04-26 15:47:24:556] [INFO] [1] - cn.ty.util.database.DbUtil.test(DbUtil.java:75) - 查询开始结束。
[2021-04-26 15:47:24:557] [INFO] [1] - cn.ty.util.database.DbUtil.test(DbUtil.java:80) - 删除开始。
[2021-04-26 15:47:24:565] [INFO] [1] - cn.ty.util.database.DbUtil.test(DbUtil.java:83) - 删除结束。
[2021-04-26 15:47:25:038] [INFO] [1] - cn.ty.util.database.DbUtil.test(DbUtil.java:93) - 插入开始。
[2021-04-26 15:47:25:123] [INFO] [1] - cn.ty.util.database.DbUtil.test(DbUtil.java:96) - 插入结束。
[2021-04-26 15:47:27:132] [INFO] [1] - cn.ty.util.database.DbUtil.test(DbUtil.java:73) - 查询开始。
[2021-04-26 15:47:27:138] [INFO] [1] - cn.ty.util.database.DbUtil.test(DbUtil.java:75) - 查询开始结束。
[2021-04-26 15:47:27:139] [INFO] [1] - cn.ty.util.database.DbUtil.test(DbUtil.java:80) - 删除开始。
[2021-04-26 15:47:27:147] [INFO] [1] - cn.ty.util.database.DbUtil.test(DbUtil.java:83) - 删除结束。
[2021-04-26 15:47:27:663] [INFO] [1] - cn.ty.util.database.DbUtil.test(DbUtil.java:93) - 插入开始。
[2021-04-26 15:47:27:777] [INFO] [1] - cn.ty.util.database.DbUtil.test(DbUtil.java:96) - 插入结束。
[2021-04-26 15:47:29:787] [INFO] [1] - cn.ty.util.database.DbUtil.test(DbUtil.java:73) - 查询开始。
[2021-04-26 15:47:29:795] [INFO] [1] - cn.ty.util.database.DbUtil.test(DbUtil.java:75) - 查询开始结束。
[2021-04-26 15:47:29:796] [INFO] [1] - cn.ty.util.database.DbUtil.test(DbUtil.java:80) - 删除开始。
[2021-04-26 15:47:29:812] [INFO] [1] - cn.ty.util.database.DbUtil.test(DbUtil.java:83) - 删除结束。
[2021-04-26 15:47:30:287] [INFO] [1] - cn.ty.util.database.DbUtil.test(DbUtil.java:93) - 插入开始。
[2021-04-26 15:47:30:373] [INFO] [1] - cn.ty.util.database.DbUtil.test(DbUtil.java:96) - 插入结束。
[2021-04-26 15:47:32:383] [INFO] [1] - cn.ty.util.database.DbUtil.test(DbUtil.java:73) - 查询开始。
[2021-04-26 15:47:32:395] [INFO] [1] - cn.ty.util.database.DbUtil.test(DbUtil.java:75) - 查询开始结束。
[2021-04-26 15:47:32:396] [INFO] [1] - cn.ty.util.database.DbUtil.test(DbUtil.java:80) - 删除开始。
[2021-04-26 15:47:32:440] [INFO] [1] - cn.ty.util.database.DbUtil.test(DbUtil.java:83) - 删除结束。
[2021-04-26 15:47:33:111] [INFO] [1] - cn.ty.util.database.DbUtil.test(DbUtil.java:93) - 插入开始。
[2021-04-26 15:47:33:242] [INFO] [1] - cn.ty.util.database.DbUtil.test(DbUtil.java:96) - 插入结束。
[2021-04-26 15:47:35:252] [INFO] [1] - cn.ty.util.database.DbUtil.test(DbUtil.java:73) - 查询开始。
[2021-04-26 15:47:35:261] [INFO] [1] - cn.ty.util.database.DbUtil.test(DbUtil.java:75) - 查询开始结束。
[2021-04-26 15:47:35:261] [INFO] [1] - cn.ty.util.database.DbUtil.test(DbUtil.java:80) - 删除开始。
[2021-04-26 15:47:35:285] [INFO] [1] - cn.ty.util.database.DbUtil.test(DbUtil.java:83) - 删除结束。
[2021-04-26 15:47:35:780] [INFO] [1] - cn.ty.util.database.DbUtil.test(DbUtil.java:93) - 插入开始。
[2021-04-26 15:47:35:866] [INFO] [1] - cn.ty.util.database.DbUtil.test(DbUtil.java:96) - 插入结束。
[2021-04-26 15:47:37:876] [INFO] [1] - cn.ty.util.database.DbUtil.test(DbUtil.java:73) - 查询开始。
[2021-04-26 15:47:37:893] [INFO] [1] - cn.ty.util.database.DbUtil.test(DbUtil.java:75) - 查询开始结束。
[2021-04-26 15:47:37:894] [INFO] [1] - cn.ty.util.database.DbUtil.test(DbUtil.java:80) - 删除开始。
[2021-04-26 15:47:37:905] [INFO] [1] - cn.ty.util.database.DbUtil.test(DbUtil.java:83) - 删除结束。
[2021-04-26 15:47:38:402] [INFO] [1] - cn.ty.util.database.DbUtil.test(DbUtil.java:93) - 插入开始。
[2021-04-26 15:47:38:482] [INFO] [1] - cn.ty.util.database.DbUtil.test(DbUtil.java:96) - 插入结束。
[2021-04-26 15:47:40:491] [INFO] [1] - cn.ty.util.database.DbUtil.test(DbUtil.java:73) - 查询开始。
[2021-04-26 15:47:40:499] [INFO] [1] - cn.ty.util.database.DbUtil.test(DbUtil.java:75) - 查询开始结束。
[2021-04-26 15:47:40:500] [INFO] [1] - cn.ty.util.database.DbUtil.test(DbUtil.java:80) - 删除开始。
[2021-04-26 15:47:40:518] [INFO] [1] - cn.ty.util.database.DbUtil.test(DbUtil.java:83) - 删除结束。
[2021-04-26 15:47:40:966] [INFO] [1] - cn.ty.util.database.DbUtil.test(DbUtil.java:93) - 插入开始。
[2021-04-26 15:47:41:049] [INFO] [1] - cn.ty.util.database.DbUtil.test(DbUtil.java:96) - 插入结束。
[2021-04-26 15:47:43:058] [INFO] [1] - cn.ty.util.database.DbUtil.test(DbUtil.java:73) - 查询开始。
[2021-04-26 15:47:43:066] [INFO] [1] - cn.ty.util.database.DbUtil.test(DbUtil.java:75) - 查询开始结束。
[2021-04-26 15:47:43:067] [INFO] [1] - cn.ty.util.database.DbUtil.test(DbUtil.java:80) - 删除开始。
[2021-04-26 15:47:43:079] [INFO] [1] - cn.ty.util.database.DbUtil.test(DbUtil.java:83) - 删除结束。
[2021-04-26 15:47:43:545] [INFO] [1] - cn.ty.util.database.DbUtil.test(DbUtil.java:93) - 插入开始。
[2021-04-26 15:47:43:619] [INFO] [1] - cn.ty.util.database.DbUtil.test(DbUtil.java:96) - 插入结束。
[2021-04-26 15:47:45:628] [INFO] [1] - cn.ty.util.database.DbUtil.test(DbUtil.java:73) - 查询开始。
[2021-04-26 15:47:45:637] [INFO] [1] - cn.ty.util.database.DbUtil.test(DbUtil.java:75) - 查询开始结束。
[2021-04-26 15:47:45:638] [INFO] [1] - cn.ty.util.database.DbUtil.test(DbUtil.java:80) - 删除开始。
[2021-04-26 15:47:45:654] [INFO] [1] - cn.ty.util.database.DbUtil.test(DbUtil.java:83) - 删除结束。
[2021-04-26 15:47:46:116] [INFO] [1] - cn.ty.util.database.DbUtil.test(DbUtil.java:93) - 插入开始。
[2021-04-26 15:47:46:199] [INFO] [1] - cn.ty.util.database.DbUtil.test(DbUtil.java:96) - 插入结束。
[2021-04-26 15:47:48:212] [INFO] [1] - cn.ty.util.database.DbUtil.test(DbUtil.java:73) - 查询开始。
[2021-04-26 15:47:48:218] [INFO] [1] - cn.ty.util.database.DbUtil.test(DbUtil.java:75) - 查询开始结束。
[2021-04-26 15:47:48:219] [INFO] [1] - cn.ty.util.database.DbUtil.test(DbUtil.java:80) - 删除开始。
[2021-04-26 15:47:48:236] [INFO] [1] - cn.ty.util.database.DbUtil.test(DbUtil.java:83) - 删除结束。
[2021-04-26 15:47:48:699] [INFO] [1] - cn.ty.util.database.DbUtil.test(DbUtil.java:93) - 插入开始。
[2021-04-26 15:47:48:773] [INFO] [1] - cn.ty.util.database.DbUtil.test(DbUtil.java:96) - 插入结束。
[2021-04-26 15:47:50:781] [INFO] [1] - cn.ty.util.database.DbUtil.test(DbUtil.java:73) - 查询开始。
[2021-04-26 15:47:50:788] [INFO] [1] - cn.ty.util.database.DbUtil.test(DbUtil.java:75) - 查询开始结束。
[2021-04-26 15:47:50:788] [INFO] [1] - cn.ty.util.database.DbUtil.test(DbUtil.java:80) - 删除开始。
[2021-04-26 15:47:50:797] [INFO] [1] - cn.ty.util.database.DbUtil.test(DbUtil.java:83) - 删除结束。
[2021-04-26 15:47:51:292] [INFO] [1] - cn.ty.util.database.DbUtil.test(DbUtil.java:93) - 插入开始。
[2021-04-26 15:47:51:358] [INFO] [1] - cn.ty.util.database.DbUtil.test(DbUtil.java:96) - 插入结束。
[2021-04-26 15:47:53:365] [INFO] [1] - cn.ty.util.database.DbUtil.test(DbUtil.java:73) - 查询开始。
[2021-04-26 15:47:53:374] [INFO] [1] - cn.ty.util.database.DbUtil.test(DbUtil.java:75) - 查询开始结束。
[2021-04-26 15:47:53:374] [INFO] [1] - cn.ty.util.database.DbUtil.test(DbUtil.java:80) - 删除开始。
[2021-04-26 15:47:53:388] [INFO] [1] - cn.ty.util.database.DbUtil.test(DbUtil.java:83) - 删除结束。
[2021-04-26 15:47:53:865] [INFO] [1] - cn.ty.util.database.DbUtil.test(DbUtil.java:93) - 插入开始。
[2021-04-26 15:47:53:931] [INFO] [1] - cn.ty.util.database.DbUtil.test(DbUtil.java:96) - 插入结束。
[2021-04-26 15:47:55:940] [INFO] [1] - cn.ty.util.database.DbUtil.test(DbUtil.java:73) - 查询开始。
[2021-04-26 15:47:55:956] [INFO] [1] - cn.ty.util.database.DbUtil.test(DbUtil.java:75) - 查询开始结束。
[2021-04-26 15:47:55:957] [INFO] [1] - cn.ty.util.database.DbUtil.test(DbUtil.java:80) - 删除开始。
[2021-04-26 15:47:55:973] [INFO] [1] - cn.ty.util.database.DbUtil.test(DbUtil.java:83) - 删除结束。
[2021-04-26 15:47:56:415] [INFO] [1] - cn.ty.util.database.DbUtil.test(DbUtil.java:93) - 插入开始。
[2021-04-26 15:47:56:496] [INFO] [1] - cn.ty.util.database.DbUtil.test(DbUtil.java:96) - 插入结束。
[2021-04-26 15:47:58:504] [INFO] [1] - cn.ty.util.database.DbUtil.test(DbUtil.java:73) - 查询开始。
[2021-04-26 15:47:58:511] [INFO] [1] - cn.ty.util.database.DbUtil.test(DbUtil.java:75) - 查询开始结束。
[2021-04-26 15:47:58:512] [INFO] [1] - cn.ty.util.database.DbUtil.test(DbUtil.java:80) - 删除开始。
[2021-04-26 15:47:58:529] [INFO] [1] - cn.ty.util.database.DbUtil.test(DbUtil.java:83) - 删除结束。
[2021-04-26 15:47:59:009] [INFO] [1] - cn.ty.util.database.DbUtil.test(DbUtil.java:93) - 插入开始。
[2021-04-26 15:47:59:081] [INFO] [1] - cn.ty.util.database.DbUtil.test(DbUtil.java:96) - 插入结束。
[2021-04-26 15:48:01:090] [INFO] [1] - cn.ty.util.database.DbUtil.test(DbUtil.java:73) - 查询开始。
[2021-04-26 15:48:01:111] [INFO] [1] - cn.ty.util.database.DbUtil.test(DbUtil.java:75) - 查询开始结束。
[2021-04-26 15:48:01:111] [INFO] [1] - cn.ty.util.database.DbUtil.test(DbUtil.java:80) - 删除开始。
[2021-04-26 15:48:01:173] [INFO] [1] - cn.ty.util.database.DbUtil.test(DbUtil.java:83) - 删除结束。
[2021-04-26 15:48:01:678] [INFO] [1] - cn.ty.util.database.DbUtil.test(DbUtil.java:93) - 插入开始。
[2021-04-26 15:48:01:759] [INFO] [1] - cn.ty.util.database.DbUtil.test(DbUtil.java:96) - 插入结束。
[2021-04-26 15:48:03:772] [INFO] [1] - cn.ty.util.database.DbUtil.test(DbUtil.java:73) - 查询开始。
[2021-04-26 15:48:03:779] [INFO] [1] - cn.ty.util.database.DbUtil.test(DbUtil.java:75) - 查询开始结束。
[2021-04-26 15:48:03:779] [INFO] [1] - cn.ty.util.database.DbUtil.test(DbUtil.java:80) - 删除开始。
[2021-04-26 15:48:03:797] [INFO] [1] - cn.ty.util.database.DbUtil.test(DbUtil.java:83) - 删除结束。
[2021-04-26 15:48:04:263] [INFO] [1] - cn.ty.util.database.DbUtil.test(DbUtil.java:93) - 插入开始。
[2021-04-26 15:48:04:332] [INFO] [1] - cn.ty.util.database.DbUtil.test(DbUtil.java:96) - 插入结束。
[2021-04-26 15:48:06:340] [INFO] [1] - cn.ty.util.database.DbUtil.test(DbUtil.java:73) - 查询开始。
[2021-04-26 15:48:06:350] [INFO] [1] - cn.ty.util.database.DbUtil.test(DbUtil.java:75) - 查询开始结束。
[2021-04-26 15:48:06:350] [INFO] [1] - cn.ty.util.database.DbUtil.test(DbUtil.java:80) - 删除开始。
[2021-04-26 15:48:06:367] [INFO] [1] - cn.ty.util.database.DbUtil.test(DbUtil.java:83) - 删除结束。
[2021-04-26 15:48:06:823] [INFO] [1] - cn.ty.util.database.DbUtil.test(DbUtil.java:93) - 插入开始。
[2021-04-26 15:48:06:911] [INFO] [1] - cn.ty.util.database.DbUtil.test(DbUtil.java:96) - 插入结束。
[2021-04-26 15:48:08:920] [INFO] [1] - cn.ty.util.database.DbUtil.test(DbUtil.java:73) - 查询开始。
[2021-04-26 15:48:08:928] [INFO] [1] - cn.ty.util.database.DbUtil.test(DbUtil.java:75) - 查询开始结束。
[2021-04-26 15:48:08:929] [INFO] [1] - cn.ty.util.database.DbUtil.test(DbUtil.java:80) - 删除开始。
[2021-04-26 15:48:08:939] [INFO] [1] - cn.ty.util.database.DbUtil.test(DbUtil.java:83) - 删除结束。
[2021-04-26 15:48:09:397] [INFO] [1] - cn.ty.util.database.DbUtil.test(DbUtil.java:93) - 插入开始。
[2021-04-26 15:48:09:500] [INFO] [1] - cn.ty.util.database.DbUtil.test(DbUtil.java:96) - 插入结束。
[2021-04-26 15:48:11:509] [INFO] [1] - cn.ty.util.database.DbUtil.test(DbUtil.java:73) - 查询开始。
[2021-04-26 15:48:11:516] [INFO] [1] - cn.ty.util.database.DbUtil.test(DbUtil.java:75) - 查询开始结束。
[2021-04-26 15:48:11:516] [INFO] [1] - cn.ty.util.database.DbUtil.test(DbUtil.java:80) - 删除开始。
[2021-04-26 15:48:11:525] [INFO] [1] - cn.ty.util.database.DbUtil.test(DbUtil.java:83) - 删除结束。
[2021-04-26 15:48:12:028] [INFO] [1] - cn.ty.util.database.DbUtil.test(DbUtil.java:93) - 插入开始。
[2021-04-26 15:48:12:109] [INFO] [1] - cn.ty.util.database.DbUtil.test(DbUtil.java:96) - 插入结束。
[2021-04-26 15:48:14:118] [INFO] [1] - cn.ty.util.database.DbUtil.test(DbUtil.java:73) - 查询开始。
[2021-04-26 15:48:14:125] [INFO] [1] - cn.ty.util.database.DbUtil.test(DbUtil.java:75) - 查询开始结束。
[2021-04-26 15:48:14:126] [INFO] [1] - cn.ty.util.database.DbUtil.test(DbUtil.java:80) - 删除开始。
[2021-04-26 15:48:14:135] [INFO] [1] - cn.ty.util.database.DbUtil.test(DbUtil.java:83) - 删除结束。
[2021-04-26 15:48:14:575] [INFO] [1] - cn.ty.util.database.DbUtil.test(DbUtil.java:93) - 插入开始。
[2021-04-26 15:48:14:653] [INFO] [1] - cn.ty.util.database.DbUtil.test(DbUtil.java:96) - 插入结束。
[2021-04-26 15:48:16:662] [INFO] [1] - cn.ty.util.database.DbUtil.test(DbUtil.java:73) - 查询开始。
[2021-04-26 15:48:16:669] [INFO] [1] - cn.ty.util.database.DbUtil.test(DbUtil.java:75) - 查询开始结束。
[2021-04-26 15:48:16:670] [INFO] [1] - cn.ty.util.database.DbUtil.test(DbUtil.java:80) - 删除开始。
[2021-04-26 15:48:16:683] [INFO] [1] - cn.ty.util.database.DbUtil.test(DbUtil.java:83) - 删除结束。
[2021-04-26 15:48:17:142] [INFO] [1] - cn.ty.util.database.DbUtil.test(DbUtil.java:93) - 插入开始。
[2021-04-26 15:48:17:238] [INFO] [1] - cn.ty.util.database.DbUtil.test(DbUtil.java:96) - 插入结束。
[2021-04-26 15:48:19:247] [INFO] [1] - cn.ty.util.database.DbUtil.test(DbUtil.java:73) - 查询开始。
[2021-04-26 15:48:19:255] [INFO] [1] - cn.ty.util.database.DbUtil.test(DbUtil.java:75) - 查询开始结束。
[2021-04-26 15:48:19:256] [INFO] [1] - cn.ty.util.database.DbUtil.test(DbUtil.java:80) - 删除开始。
[2021-04-26 15:48:19:265] [INFO] [1] - cn.ty.util.database.DbUtil.test(DbUtil.java:83) - 删除结束。
[2021-04-26 15:48:19:710] [INFO] [1] - cn.ty.util.database.DbUtil.test(DbUtil.java:93) - 插入开始。
[2021-04-26 15:48:19:791] [INFO] [1] - cn.ty.util.database.DbUtil.test(DbUtil.java:96) - 插入结束。
[2021-04-26 15:48:21:804] [INFO] [1] - cn.ty.util.database.DbUtil.test(DbUtil.java:73) - 查询开始。
[2021-04-26 15:48:21:811] [INFO] [1] - cn.ty.util.database.DbUtil.test(DbUtil.java:75) - 查询开始结束。
[2021-04-26 15:48:21:812] [INFO] [1] - cn.ty.util.database.DbUtil.test(DbUtil.java:80) - 删除开始。
[2021-04-26 15:48:21:824] [INFO] [1] - cn.ty.util.database.DbUtil.test(DbUtil.java:83) - 删除结束。
[2021-04-26 15:48:22:274] [INFO] [1] - cn.ty.util.database.DbUtil.test(DbUtil.java:93) - 插入开始。
[2021-04-26 15:48:22:347] [INFO] [1] - cn.ty.util.database.DbUtil.test(DbUtil.java:96) - 插入结束。
[2021-04-26 15:48:24:355] [INFO] [1] - cn.ty.util.database.DbUtil.test(DbUtil.java:73) - 查询开始。
[2021-04-26 15:48:24:364] [INFO] [1] - cn.ty.util.database.DbUtil.test(DbUtil.java:75) - 查询开始结束。
[2021-04-26 15:48:24:364] [INFO] [1] - cn.ty.util.database.DbUtil.test(DbUtil.java:80) - 删除开始。
[2021-04-26 15:48:24:379] [INFO] [1] - cn.ty.util.database.DbUtil.test(DbUtil.java:83) - 删除结束。
[2021-04-26 15:48:24:854] [INFO] [1] - cn.ty.util.database.DbUtil.test(DbUtil.java:93) - 插入开始。
[2021-04-26 15:48:24:941] [INFO] [1] - cn.ty.util.database.DbUtil.test(DbUtil.java:96) - 插入结束。
[2021-04-26 15:48:26:954] [INFO] [1] - cn.ty.util.database.DbUtil.test(DbUtil.java:73) - 查询开始。
[2021-04-26 15:48:26:963] [INFO] [1] - cn.ty.util.database.DbUtil.test(DbUtil.java:75) - 查询开始结束。
[2021-04-26 15:48:26:963] [INFO] [1] - cn.ty.util.database.DbUtil.test(DbUtil.java:80) - 删除开始。
[2021-04-26 15:48:26:988] [INFO] [1] - cn.ty.util.database.DbUtil.test(DbUtil.java:83) - 删除结束。
[2021-04-26 15:48:27:418] [INFO] [1] - cn.ty.util.database.DbUtil.test(DbUtil.java:93) - 插入开始。
[2021-04-26 15:48:27:492] [INFO] [1] - cn.ty.util.database.DbUtil.test(DbUtil.java:96) - 插入结束。
[2021-04-26 15:48:29:502] [INFO] [1] - cn.ty.util.database.DbUtil.test(DbUtil.java:73) - 查询开始。
[2021-04-26 15:48:29:510] [INFO] [1] - cn.ty.util.database.DbUtil.test(DbUtil.java:75) - 查询开始结束。
[2021-04-26 15:48:29:511] [INFO] [1] - cn.ty.util.database.DbUtil.test(DbUtil.java:80) - 删除开始。
[2021-04-26 15:48:29:520] [INFO] [1] - cn.ty.util.database.DbUtil.test(DbUtil.java:83) - 删除结束。
[2021-04-26 15:48:29:984] [INFO] [1] - cn.ty.util.database.DbUtil.test(DbUtil.java:93) - 插入开始。
[2021-04-26 15:48:30:059] [INFO] [1] - cn.ty.util.database.DbUtil.test(DbUtil.java:96) - 插入结束。
[2021-04-26 15:48:32:068] [INFO] [1] - cn.ty.util.database.DbUtil.test(DbUtil.java:73) - 查询开始。
[2021-04-26 15:48:32:074] [INFO] [1] - cn.ty.util.database.DbUtil.test(DbUtil.java:75) - 查询开始结束。
[2021-04-26 15:48:32:075] [INFO] [1] - cn.ty.util.database.DbUtil.test(DbUtil.java:80) - 删除开始。
[2021-04-26 15:48:32:085] [INFO] [1] - cn.ty.util.database.DbUtil.test(DbUtil.java:83) - 删除结束。
[2021-04-26 15:48:32:570] [INFO] [1] - cn.ty.util.database.DbUtil.test(DbUtil.java:93) - 插入开始。
[2021-04-26 15:48:32:632] [INFO] [1] - cn.ty.util.database.DbUtil.test(DbUtil.java:96) - 插入结束。
[2021-04-26 15:48:34:642] [INFO] [1] - cn.ty.util.database.DbUtil.test(DbUtil.java:73) - 查询开始。
[2021-04-26 15:48:34:649] [INFO] [1] - cn.ty.util.database.DbUtil.test(DbUtil.java:75) - 查询开始结束。
[2021-04-26 15:48:34:650] [INFO] [1] - cn.ty.util.database.DbUtil.test(DbUtil.java:80) - 删除开始。
[2021-04-26 15:48:34:680] [INFO] [1] - cn.ty.util.database.DbUtil.test(DbUtil.java:83) - 删除结束。
[2021-04-26 15:48:35:319] [INFO] [1] - cn.ty.util.database.DbUtil.test(DbUtil.java:93) - 插入开始。
[2021-04-26 15:48:35:429] [INFO] [1] - cn.ty.util.database.DbUtil.test(DbUtil.java:96) - 插入结束。
[2021-04-26 15:48:37:437] [INFO] [1] - cn.ty.util.database.DbUtil.test(DbUtil.java:73) - 查询开始。
[2021-04-26 15:48:37:448] [INFO] [1] - cn.ty.util.database.DbUtil.test(DbUtil.java:75) - 查询开始结束。
[2021-04-26 15:48:37:448] [INFO] [1] - cn.ty.util.database.DbUtil.test(DbUtil.java:80) - 删除开始。
[2021-04-26 15:48:37:462] [INFO] [1] - cn.ty.util.database.DbUtil.test(DbUtil.java:83) - 删除结束。
[2021-04-26 15:48:38:097] [INFO] [1] - cn.ty.util.database.DbUtil.test(DbUtil.java:93) - 插入开始。
[2021-04-26 15:48:38:228] [INFO] [1] - cn.ty.util.database.DbUtil.test(DbUtil.java:96) - 插入结束。
[2021-04-26 15:48:40:237] [INFO] [1] - cn.ty.util.database.DbUtil.test(DbUtil.java:73) - 查询开始。
[2021-04-26 15:48:40:246] [INFO] [1] - cn.ty.util.database.DbUtil.test(DbUtil.java:75) - 查询开始结束。
[2021-04-26 15:48:40:247] [INFO] [1] - cn.ty.util.database.DbUtil.test(DbUtil.java:80) - 删除开始。
[2021-04-26 15:48:40:267] [INFO] [1] - cn.ty.util.database.DbUtil.test(DbUtil.java:83) - 删除结束。
[2021-04-26 15:48:40:959] [INFO] [1] - cn.ty.util.database.DbUtil.test(DbUtil.java:93) - 插入开始。
[2021-04-26 15:48:41:054] [INFO] [1] - cn.ty.util.database.DbUtil.test(DbUtil.java:96) - 插入结束。
[2021-04-26 15:48:43:065] [INFO] [1] - cn.ty.util.database.DbUtil.test(DbUtil.java:73) - 查询开始。
[2021-04-26 15:48:43:081] [INFO] [1] - cn.ty.util.database.DbUtil.test(DbUtil.java:75) - 查询开始结束。
[2021-04-26 15:48:43:082] [INFO] [1] - cn.ty.util.database.DbUtil.test(DbUtil.java:80) - 删除开始。
[2021-04-26 15:48:43:095] [INFO] [1] - cn.ty.util.database.DbUtil.test(DbUtil.java:83) - 删除结束。
[2021-04-26 15:48:43:608] [INFO] [1] - cn.ty.util.database.DbUtil.test(DbUtil.java:93) - 插入开始。
[2021-04-26 15:48:43:741] [INFO] [1] - cn.ty.util.database.DbUtil.test(DbUtil.java:96) - 插入结束。
[2021-04-26 15:48:45:751] [INFO] [1] - cn.ty.util.database.DbUtil.test(DbUtil.java:73) - 查询开始。
[2021-04-26 15:48:45:760] [INFO] [1] - cn.ty.util.database.DbUtil.test(DbUtil.java:75) - 查询开始结束。
[2021-04-26 15:48:45:760] [INFO] [1] - cn.ty.util.database.DbUtil.test(DbUtil.java:80) - 删除开始。
[2021-04-26 15:48:45:784] [INFO] [1] - cn.ty.util.database.DbUtil.test(DbUtil.java:83) - 删除结束。
[2021-04-26 15:48:46:370] [INFO] [1] - cn.ty.util.database.DbUtil.test(DbUtil.java:93) - 插入开始。
[2021-04-26 15:48:46:447] [INFO] [1] - cn.ty.util.database.DbUtil.test(DbUtil.java:96) - 插入结束。
[2021-04-26 15:48:48:458] [INFO] [1] - cn.ty.util.database.DbUtil.test(DbUtil.java:73) - 查询开始。
[2021-04-26 15:48:48:467] [INFO] [1] - cn.ty.util.database.DbUtil.test(DbUtil.java:75) - 查询开始结束。
[2021-04-26 15:48:48:468] [INFO] [1] - cn.ty.util.database.DbUtil.test(DbUtil.java:80) - 删除开始。
[2021-04-26 15:48:48:491] [INFO] [1] - cn.ty.util.database.DbUtil.test(DbUtil.java:83) - 删除结束。
[2021-04-26 15:48:49:042] [INFO] [1] - cn.ty.util.database.DbUtil.test(DbUtil.java:93) - 插入开始。
[2021-04-26 15:48:49:129] [INFO] [1] - cn.ty.util.database.DbUtil.test(DbUtil.java:96) - 插入结束。
[2021-04-26 15:48:51:138] [INFO] [1] - cn.ty.util.database.DbUtil.test(DbUtil.java:73) - 查询开始。
[2021-04-26 15:48:51:151] [INFO] [1] - cn.ty.util.database.DbUtil.test(DbUtil.java:75) - 查询开始结束。
[2021-04-26 15:48:51:152] [INFO] [1] - cn.ty.util.database.DbUtil.test(DbUtil.java:80) - 删除开始。
[2021-04-26 15:48:51:176] [INFO] [1] - cn.ty.util.database.DbUtil.test(DbUtil.java:83) - 删除结束。
[2021-04-26 15:48:51:689] [INFO] [1] - cn.ty.util.database.DbUtil.test(DbUtil.java:93) - 插入开始。
[2021-04-26 15:48:51:813] [INFO] [1] - cn.ty.util.database.DbUtil.test(DbUtil.java:96) - 插入结束。
[2021-04-26 15:48:53:822] [INFO] [1] - cn.ty.util.database.DbUtil.test(DbUtil.java:73) - 查询开始。
[2021-04-26 15:48:53:831] [INFO] [1] - cn.ty.util.database.DbUtil.test(DbUtil.java:75) - 查询开始结束。
[2021-04-26 15:48:53:832] [INFO] [1] - cn.ty.util.database.DbUtil.test(DbUtil.java:80) - 删除开始。
[2021-04-26 15:48:53:846] [INFO] [1] - cn.ty.util.database.DbUtil.test(DbUtil.java:83) - 删除结束。
[2021-04-26 15:48:54:505] [INFO] [1] - cn.ty.util.database.DbUtil.test(DbUtil.java:93) - 插入开始。
[2021-04-26 15:48:54:579] [INFO] [1] - cn.ty.util.database.DbUtil.test(DbUtil.java:96) - 插入结束。
[2021-04-26 15:48:56:587] [INFO] [1] - cn.ty.util.database.DbUtil.test(DbUtil.java:73) - 查询开始。
[2021-04-26 15:48:56:603] [INFO] [1] - cn.ty.util.database.DbUtil.test(DbUtil.java:75) - 查询开始结束。
[2021-04-26 15:48:56:603] [INFO] [1] - cn.ty.util.database.DbUtil.test(DbUtil.java:80) - 删除开始。
[2021-04-26 15:48:56:643] [INFO] [1] - cn.ty.util.database.DbUtil.test(DbUtil.java:83) - 删除结束。
[2021-04-26 15:48:57:365] [INFO] [1] - cn.ty.util.database.DbUtil.test(DbUtil.java:93) - 插入开始。
[2021-04-26 15:48:57:446] [INFO] [1] - cn.ty.util.database.DbUtil.test(DbUtil.java:96) - 插入结束。
[2021-04-26 15:48:59:457] [INFO] [1] - cn.ty.util.database.DbUtil.test(DbUtil.java:73) - 查询开始。
[2021-04-26 15:48:59:465] [INFO] [1] - cn.ty.util.database.DbUtil.test(DbUtil.java:75) - 查询开始结束。
[2021-04-26 15:48:59:466] [INFO] [1] - cn.ty.util.database.DbUtil.test(DbUtil.java:80) - 删除开始。
[2021-04-26 15:48:59:480] [INFO] [1] - cn.ty.util.database.DbUtil.test(DbUtil.java:83) - 删除结束。
[2021-04-26 15:48:59:942] [INFO] [1] - cn.ty.util.database.DbUtil.test(DbUtil.java:93) - 插入开始。
[2021-04-26 15:49:00:026] [INFO] [1] - cn.ty.util.database.DbUtil.test(DbUtil.java:96) - 插入结束。
[2021-04-26 15:49:02:033] [INFO] [1] - cn.ty.util.database.DbUtil.test(DbUtil.java:73) - 查询开始。
[2021-04-26 15:49:02:041] [INFO] [1] - cn.ty.util.database.DbUtil.test(DbUtil.java:75) - 查询开始结束。
[2021-04-26 15:49:02:042] [INFO] [1] - cn.ty.util.database.DbUtil.test(DbUtil.java:80) - 删除开始。
[2021-04-26 15:49:02:053] [INFO] [1] - cn.ty.util.database.DbUtil.test(DbUtil.java:83) - 删除结束。
[2021-04-26 15:49:02:708] [INFO] [1] - cn.ty.util.database.DbUtil.test(DbUtil.java:93) - 插入开始。
[2021-04-26 15:49:02:846] [INFO] [1] - cn.ty.util.database.DbUtil.test(DbUtil.java:96) - 插入结束。
[2021-04-26 15:49:04:854] [INFO] [1] - cn.ty.util.database.DbUtil.test(DbUtil.java:73) - 查询开始。
[2021-04-26 15:49:04:864] [INFO] [1] - cn.ty.util.database.DbUtil.test(DbUtil.java:75) - 查询开始结束。
[2021-04-26 15:49:04:865] [INFO] [1] - cn.ty.util.database.DbUtil.test(DbUtil.java:80) - 删除开始。
[2021-04-26 15:49:04:918] [INFO] [1] - cn.ty.util.database.DbUtil.test(DbUtil.java:83) - 删除结束。
[2021-04-26 15:49:05:590] [INFO] [1] - cn.ty.util.database.DbUtil.test(DbUtil.java:93) - 插入开始。
[2021-04-26 15:49:05:656] [INFO] [1] - cn.ty.util.database.DbUtil.test(DbUtil.java:96) - 插入结束。
[2021-04-26 15:49:07:670] [INFO] [1] - cn.ty.util.database.DbUtil.test(DbUtil.java:73) - 查询开始。
[2021-04-26 15:49:07:682] [INFO] [1] - cn.ty.util.database.DbUtil.test(DbUtil.java:75) - 查询开始结束。
[2021-04-26 15:49:07:683] [INFO] [1] - cn.ty.util.database.DbUtil.test(DbUtil.java:80) - 删除开始。
[2021-04-26 15:49:07:712] [INFO] [1] - cn.ty.util.database.DbUtil.test(DbUtil.java:83) - 删除结束。
[2021-04-26 15:49:08:366] [INFO] [1] - cn.ty.util.database.DbUtil.test(DbUtil.java:93) - 插入开始。
[2021-04-26 15:49:08:508] [INFO] [1] - cn.ty.util.database.DbUtil.test(DbUtil.java:96) - 插入结束。
[2021-04-26 15:49:10:517] [INFO] [1] - cn.ty.util.database.DbUtil.test(DbUtil.java:73) - 查询开始。
[2021-04-26 15:49:10:529] [INFO] [1] - cn.ty.util.database.DbUtil.test(DbUtil.java:75) - 查询开始结束。
[2021-04-26 15:49:10:530] [INFO] [1] - cn.ty.util.database.DbUtil.test(DbUtil.java:80) - 删除开始。
[2021-04-26 15:49:10:589] [INFO] [1] - cn.ty.util.database.DbUtil.test(DbUtil.java:83) - 删除结束。
[2021-04-26 15:49:11:299] [INFO] [1] - cn.ty.util.database.DbUtil.test(DbUtil.java:93) - 插入开始。
[2021-04-26 15:49:11:440] [INFO] [1] - cn.ty.util.database.DbUtil.test(DbUtil.java:96) - 插入结束。
[2021-04-26 15:49:13:452] [INFO] [1] - cn.ty.util.database.DbUtil.test(DbUtil.java:73) - 查询开始。
[2021-04-26 15:49:13:476] [INFO] [1] - cn.ty.util.database.DbUtil.test(DbUtil.java:75) - 查询开始结束。
[2021-04-26 15:49:13:477] [INFO] [1] - cn.ty.util.database.DbUtil.test(DbUtil.java:80) - 删除开始。
[2021-04-26 15:49:13:518] [INFO] [1] - cn.ty.util.database.DbUtil.test(DbUtil.java:83) - 删除结束。
[2021-04-26 15:49:14:144] [INFO] [1] - cn.ty.util.database.DbUtil.test(DbUtil.java:93) - 插入开始。
[2021-04-26 15:49:14:247] [INFO] [1] - cn.ty.util.database.DbUtil.test(DbUtil.java:96) - 插入结束。
[2021-04-26 15:49:16:258] [INFO] [1] - cn.ty.util.database.DbUtil.test(DbUtil.java:73) - 查询开始。
[2021-04-26 15:49:16:275] [INFO] [1] - cn.ty.util.database.DbUtil.test(DbUtil.java:75) - 查询开始结束。
[2021-04-26 15:49:16:276] [INFO] [1] - cn.ty.util.database.DbUtil.test(DbUtil.java:80) - 删除开始。
[2021-04-26 15:49:16:358] [INFO] [1] - cn.ty.util.database.DbUtil.test(DbUtil.java:83) - 删除结束。
[2021-04-26 15:49:16:938] [INFO] [1] - cn.ty.util.database.DbUtil.test(DbUtil.java:93) - 插入开始。
[2021-04-26 15:49:17:111] [INFO] [1] - cn.ty.util.database.DbUtil.test(DbUtil.java:96) - 插入结束。
[2021-04-26 15:49:19:118] [INFO] [1] - cn.ty.util.database.DbUtil.test(DbUtil.java:73) - 查询开始。
[2021-04-26 15:49:19:131] [INFO] [1] - cn.ty.util.database.DbUtil.test(DbUtil.java:75) - 查询开始结束。
[2021-04-26 15:49:19:132] [INFO] [1] - cn.ty.util.database.DbUtil.test(DbUtil.java:80) - 删除开始。
[2021-04-26 15:49:19:145] [INFO] [1] - cn.ty.util.database.DbUtil.test(DbUtil.java:83) - 删除结束。
[2021-04-26 15:49:19:707] [INFO] [1] - cn.ty.util.database.DbUtil.test(DbUtil.java:93) - 插入开始。
[2021-04-26 15:49:19:953] [INFO] [1] - cn.ty.util.database.DbUtil.test(DbUtil.java:96) - 插入结束。
[2021-04-26 15:49:21:965] [INFO] [1] - cn.ty.util.database.DbUtil.test(DbUtil.java:73) - 查询开始。
[2021-04-26 15:49:21:985] [INFO] [1] - cn.ty.util.database.DbUtil.test(DbUtil.java:75) - 查询开始结束。
[2021-04-26 15:49:21:986] [INFO] [1] - cn.ty.util.database.DbUtil.test(DbUtil.java:80) - 删除开始。
[2021-04-26 15:49:22:043] [INFO] [1] - cn.ty.util.database.DbUtil.test(DbUtil.java:83) - 删除结束。
[2021-04-26 15:49:22:795] [INFO] [1] - cn.ty.util.database.DbUtil.test(DbUtil.java:93) - 插入开始。
[2021-04-26 15:49:22:915] [INFO] [1] - cn.ty.util.database.DbUtil.test(DbUtil.java:96) - 插入结束。
[2021-04-26 15:49:24:930] [INFO] [1] - cn.ty.util.database.DbUtil.test(DbUtil.java:73) - 查询开始。
[2021-04-26 15:49:24:940] [INFO] [1] - cn.ty.util.database.DbUtil.test(DbUtil.java:75) - 查询开始结束。
[2021-04-26 15:49:24:942] [INFO] [1] - cn.ty.util.database.DbUtil.test(DbUtil.java:80) - 删除开始。
[2021-04-26 15:49:24:964] [INFO] [1] - cn.ty.util.database.DbUtil.test(DbUtil.java:83) - 删除结束。
[2021-04-26 15:49:25:524] [INFO] [1] - cn.ty.util.database.DbUtil.test(DbUtil.java:93) - 插入开始。
[2021-04-26 15:49:25:635] [INFO] [1] - cn.ty.util.database.DbUtil.test(DbUtil.java:96) - 插入结束。
[2021-04-26 15:49:27:644] [INFO] [1] - cn.ty.util.database.DbUtil.test(DbUtil.java:73) - 查询开始。
[2021-04-26 15:49:27:653] [INFO] [1] - cn.ty.util.database.DbUtil.test(DbUtil.java:75) - 查询开始结束。
[2021-04-26 15:49:27:654] [INFO] [1] - cn.ty.util.database.DbUtil.test(DbUtil.java:80) - 删除开始。
[2021-04-26 15:49:27:674] [INFO] [1] - cn.ty.util.database.DbUtil.test(DbUtil.java:83) - 删除结束。
[2021-04-26 15:49:28:330] [INFO] [1] - cn.ty.util.database.DbUtil.test(DbUtil.java:93) - 插入开始。
[2021-04-26 15:49:28:420] [INFO] [1] - cn.ty.util.database.DbUtil.test(DbUtil.java:96) - 插入结束。
[2021-04-26 15:49:30:435] [INFO] [1] - cn.ty.util.database.DbUtil.test(DbUtil.java:73) - 查询开始。
[2021-04-26 15:49:30:468] [INFO] [1] - cn.ty.util.database.DbUtil.test(DbUtil.java:75) - 查询开始结束。
[2021-04-26 15:49:30:469] [INFO] [1] - cn.ty.util.database.DbUtil.test(DbUtil.java:80) - 删除开始。
[2021-04-26 15:49:30:484] [INFO] [1] - cn.ty.util.database.DbUtil.test(DbUtil.java:83) - 删除结束。
[2021-04-26 15:49:31:591] [INFO] [1] - cn.ty.util.database.DbUtil.test(DbUtil.java:93) - 插入开始。
[2021-04-26 15:49:31:753] [INFO] [1] - cn.ty.util.database.DbUtil.test(DbUtil.java:96) - 插入结束。
[2021-04-26 15:49:33:769] [INFO] [1] - cn.ty.util.database.DbUtil.test(DbUtil.java:73) - 查询开始。
[2021-04-26 15:49:33:778] [INFO] [1] - cn.ty.util.database.DbUtil.test(DbUtil.java:75) - 查询开始结束。
[2021-04-26 15:49:33:778] [INFO] [1] - cn.ty.util.database.DbUtil.test(DbUtil.java:80) - 删除开始。
[2021-04-26 15:49:33:808] [INFO] [1] - cn.ty.util.database.DbUtil.test(DbUtil.java:83) - 删除结束。
[2021-04-26 15:49:34:578] [INFO] [1] - cn.ty.util.database.DbUtil.test(DbUtil.java:93) - 插入开始。
[2021-04-26 15:49:34:671] [INFO] [1] - cn.ty.util.database.DbUtil.test(DbUtil.java:96) - 插入结束。
[2021-04-26 15:49:36:685] [INFO] [1] - cn.ty.util.database.DbUtil.test(DbUtil.java:73) - 查询开始。
[2021-04-26 15:49:36:700] [INFO] [1] - cn.ty.util.database.DbUtil.test(DbUtil.java:75) - 查询开始结束。
[2021-04-26 15:49:36:701] [INFO] [1] - cn.ty.util.database.DbUtil.test(DbUtil.java:80) - 删除开始。
[2021-04-26 15:49:36:721] [INFO] [1] - cn.ty.util.database.DbUtil.test(DbUtil.java:83) - 删除结束。
[2021-04-26 15:49:37:520] [INFO] [1] - cn.ty.util.database.DbUtil.test(DbUtil.java:93) - 插入开始。
[2021-04-26 15:49:37:636] [INFO] [1] - cn.ty.util.database.DbUtil.test(DbUtil.java:96) - 插入结束。
[2021-04-26 15:49:39:646] [INFO] [1] - cn.ty.util.database.DbUtil.test(DbUtil.java:73) - 查询开始。
[2021-04-26 15:49:39:654] [INFO] [1] - cn.ty.util.database.DbUtil.test(DbUtil.java:75) - 查询开始结束。
[2021-04-26 15:49:39:654] [INFO] [1] - cn.ty.util.database.DbUtil.test(DbUtil.java:80) - 删除开始。
[2021-04-26 15:49:39:668] [INFO] [1] - cn.ty.util.database.DbUtil.test(DbUtil.java:83) - 删除结束。
[2021-04-26 15:49:40:372] [INFO] [1] - cn.ty.util.database.DbUtil.test(DbUtil.java:93) - 插入开始。
[2021-04-26 15:49:40:457] [INFO] [1] - cn.ty.util.database.DbUtil.test(DbUtil.java:96) - 插入结束。
[2021-04-26 15:49:42:466] [INFO] [1] - cn.ty.util.database.DbUtil.test(DbUtil.java:73) - 查询开始。
[2021-04-26 15:49:42:475] [INFO] [1] - cn.ty.util.database.DbUtil.test(DbUtil.java:75) - 查询开始结束。
[2021-04-26 15:49:42:475] [INFO] [1] - cn.ty.util.database.DbUtil.test(DbUtil.java:80) - 删除开始。
[2021-04-26 15:49:42:497] [INFO] [1] - cn.ty.util.database.DbUtil.test(DbUtil.java:83) - 删除结束。
[2021-04-26 15:49:42:986] [INFO] [1] - cn.ty.util.database.DbUtil.test(DbUtil.java:93) - 插入开始。
[2021-04-26 15:49:43:047] [INFO] [1] - cn.ty.util.database.DbUtil.test(DbUtil.java:96) - 插入结束。
[2021-04-26 15:49:45:055] [INFO] [1] - cn.ty.util.database.DbUtil.test(DbUtil.java:73) - 查询开始。
[2021-04-26 15:49:45:061] [INFO] [1] - cn.ty.util.database.DbUtil.test(DbUtil.java:75) - 查询开始结束。
[2021-04-26 15:49:45:061] [INFO] [1] - cn.ty.util.database.DbUtil.test(DbUtil.java:80) - 删除开始。
[2021-04-26 15:49:45:074] [INFO] [1] - cn.ty.util.database.DbUtil.test(DbUtil.java:83) - 删除结束。
[2021-04-26 15:49:45:513] [INFO] [1] - cn.ty.util.database.DbUtil.test(DbUtil.java:93) - 插入开始。
[2021-04-26 15:49:45:575] [INFO] [1] - cn.ty.util.database.DbUtil.test(DbUtil.java:96) - 插入结束。
[2021-04-26 15:49:47:582] [INFO] [1] - cn.ty.util.database.DbUtil.test(DbUtil.java:73) - 查询开始。
[2021-04-26 15:49:47:590] [INFO] [1] - cn.ty.util.database.DbUtil.test(DbUtil.java:75) - 查询开始结束。
[2021-04-26 15:49:47:591] [INFO] [1] - cn.ty.util.database.DbUtil.test(DbUtil.java:80) - 删除开始。
[2021-04-26 15:49:47:613] [INFO] [1] - cn.ty.util.database.DbUtil.test(DbUtil.java:83) - 删除结束。
[2021-04-26 15:49:48:070] [INFO] [1] - cn.ty.util.database.DbUtil.test(DbUtil.java:93) - 插入开始。
[2021-04-26 15:49:48:130] [INFO] [1] - cn.ty.util.database.DbUtil.test(DbUtil.java:96) - 插入结束。
[2021-04-26 15:49:50:137] [INFO] [1] - cn.ty.util.database.DbUtil.test(DbUtil.java:73) - 查询开始。
[2021-04-26 15:49:50:145] [INFO] [1] - cn.ty.util.database.DbUtil.test(DbUtil.java:75) - 查询开始结束。
[2021-04-26 15:49:50:146] [INFO] [1] - cn.ty.util.database.DbUtil.test(DbUtil.java:80) - 删除开始。
[2021-04-26 15:49:50:165] [INFO] [1] - cn.ty.util.database.DbUtil.test(DbUtil.java:83) - 删除结束。
[2021-04-26 15:49:50:617] [INFO] [1] - cn.ty.util.database.DbUtil.test(DbUtil.java:93) - 插入开始。
[2021-04-26 15:49:50:685] [INFO] [1] - cn.ty.util.database.DbUtil.test(DbUtil.java:96) - 插入结束。
[2021-04-26 15:49:52:695] [INFO] [1] - cn.ty.util.database.DbUtil.test(DbUtil.java:73) - 查询开始。
[2021-04-26 15:49:52:702] [INFO] [1] - cn.ty.util.database.DbUtil.test(DbUtil.java:75) - 查询开始结束。
[2021-04-26 15:49:52:703] [INFO] [1] - cn.ty.util.database.DbUtil.test(DbUtil.java:80) - 删除开始。
[2021-04-26 15:49:52:722] [INFO] [1] - cn.ty.util.database.DbUtil.test(DbUtil.java:83) - 删除结束。
[2021-04-26 15:49:53:163] [INFO] [1] - cn.ty.util.database.DbUtil.test(DbUtil.java:93) - 插入开始。
[2021-04-26 15:49:53:224] [INFO] [1] - cn.ty.util.database.DbUtil.test(DbUtil.java:96) - 插入结束。
[2021-04-26 15:49:55:231] [INFO] [1] - cn.ty.util.database.DbUtil.test(DbUtil.java:73) - 查询开始。
[2021-04-26 15:49:55:239] [INFO] [1] - cn.ty.util.database.DbUtil.test(DbUtil.java:75) - 查询开始结束。
[2021-04-26 15:49:55:240] [INFO] [1] - cn.ty.util.database.DbUtil.test(DbUtil.java:80) - 删除开始。
[2021-04-26 15:49:55:254] [INFO] [1] - cn.ty.util.database.DbUtil.test(DbUtil.java:83) - 删除结束。
[2021-04-26 15:49:55:724] [INFO] [1] - cn.ty.util.database.DbUtil.test(DbUtil.java:93) - 插入开始。
[2021-04-26 15:49:57:531] [INFO] [1] - cn.ty.util.database.DbUtil.test(DbUtil.java:96) - 插入结束。
[2021-04-26 15:49:59:545] [INFO] [1] - cn.ty.util.database.DbUtil.test(DbUtil.java:73) - 查询开始。
[2021-04-26 15:49:59:556] [INFO] [1] - cn.ty.util.database.DbUtil.test(DbUtil.java:75) - 查询开始结束。
[2021-04-26 15:49:59:557] [INFO] [1] - cn.ty.util.database.DbUtil.test(DbUtil.java:80) - 删除开始。
[2021-04-26 15:49:59:574] [INFO] [1] - cn.ty.util.database.DbUtil.test(DbUtil.java:83) - 删除结束。
[2021-04-26 15:50:00:048] [INFO] [1] - cn.ty.util.database.DbUtil.test(DbUtil.java:93) - 插入开始。
[2021-04-26 15:50:00:193] [INFO] [1] - cn.ty.util.database.DbUtil.test(DbUtil.java:96) - 插入结束。
[2021-04-26 15:50:02:202] [INFO] [1] - cn.ty.util.database.DbUtil.test(DbUtil.java:73) - 查询开始。
[2021-04-26 15:50:02:210] [INFO] [1] - cn.ty.util.database.DbUtil.test(DbUtil.java:75) - 查询开始结束。
[2021-04-26 15:50:02:211] [INFO] [1] - cn.ty.util.database.DbUtil.test(DbUtil.java:80) - 删除开始。
[2021-04-26 15:50:02:222] [INFO] [1] - cn.ty.util.database.DbUtil.test(DbUtil.java:83) - 删除结束。
[2021-04-26 15:50:02:793] [INFO] [1] - cn.ty.util.database.DbUtil.test(DbUtil.java:93) - 插入开始。
[2021-04-26 15:50:02:941] [INFO] [1] - cn.ty.util.database.DbUtil.test(DbUtil.java:96) - 插入结束。
[2021-04-26 15:50:04:950] [INFO] [1] - cn.ty.util.database.DbUtil.test(DbUtil.java:73) - 查询开始。
[2021-04-26 15:50:04:959] [INFO] [1] - cn.ty.util.database.DbUtil.test(DbUtil.java:75) - 查询开始结束。
[2021-04-26 15:50:04:959] [INFO] [1] - cn.ty.util.database.DbUtil.test(DbUtil.java:80) - 删除开始。
[2021-04-26 15:50:04:979] [INFO] [1] - cn.ty.util.database.DbUtil.test(DbUtil.java:83) - 删除结束。
[2021-04-26 15:50:05:428] [INFO] [1] - cn.ty.util.database.DbUtil.test(DbUtil.java:93) - 插入开始。
[2021-04-26 15:50:05:564] [INFO] [1] - cn.ty.util.database.DbUtil.test(DbUtil.java:96) - 插入结束。
[2021-04-26 15:50:07:575] [INFO] [1] - cn.ty.util.database.DbUtil.test(DbUtil.java:73) - 查询开始。
[2021-04-26 15:50:07:583] [INFO] [1] - cn.ty.util.database.DbUtil.test(DbUtil.java:75) - 查询开始结束。
[2021-04-26 15:50:07:584] [INFO] [1] - cn.ty.util.database.DbUtil.test(DbUtil.java:80) - 删除开始。
[2021-04-26 15:50:07:608] [INFO] [1] - cn.ty.util.database.DbUtil.test(DbUtil.java:83) - 删除结束。
[2021-04-26 15:50:08:043] [INFO] [1] - cn.ty.util.database.DbUtil.test(DbUtil.java:93) - 插入开始。
[2021-04-26 15:50:08:225] [INFO] [1] - cn.ty.util.database.DbUtil.test(DbUtil.java:96) - 插入结束。
[2021-04-26 15:50:10:234] [INFO] [1] - cn.ty.util.database.DbUtil.test(DbUtil.java:73) - 查询开始。
[2021-04-26 15:50:10:242] [INFO] [1] - cn.ty.util.database.DbUtil.test(DbUtil.java:75) - 查询开始结束。
[2021-04-26 15:50:10:243] [INFO] [1] - cn.ty.util.database.DbUtil.test(DbUtil.java:80) - 删除开始。
[2021-04-26 15:50:10:258] [INFO] [1] - cn.ty.util.database.DbUtil.test(DbUtil.java:83) - 删除结束。
[2021-04-26 15:50:10:705] [INFO] [1] - cn.ty.util.database.DbUtil.test(DbUtil.java:93) - 插入开始。
[2021-04-26 15:50:12:199] [INFO] [1] - cn.ty.util.database.DbUtil.test(DbUtil.java:96) - 插入结束。
[2021-04-26 15:50:14:208] [INFO] [1] - cn.ty.util.database.DbUtil.test(DbUtil.java:73) - 查询开始。
[2021-04-26 15:50:14:222] [INFO] [1] - cn.ty.util.database.DbUtil.test(DbUtil.java:75) - 查询开始结束。
[2021-04-26 15:50:14:223] [INFO] [1] - cn.ty.util.database.DbUtil.test(DbUtil.java:80) - 删除开始。
[2021-04-26 15:50:14:245] [INFO] [1] - cn.ty.util.database.DbUtil.test(DbUtil.java:83) - 删除结束。
[2021-04-26 15:50:14:710] [INFO] [1] - cn.ty.util.database.DbUtil.test(DbUtil.java:93) - 插入开始。
[2021-04-26 15:50:14:840] [INFO] [1] - cn.ty.util.database.DbUtil.test(DbUtil.java:96) - 插入结束。
[2021-04-26 15:50:16:850] [INFO] [1] - cn.ty.util.database.DbUtil.test(DbUtil.java:73) - 查询开始。
[2021-04-26 15:50:16:858] [INFO] [1] - cn.ty.util.database.DbUtil.test(DbUtil.java:75) - 查询开始结束。
[2021-04-26 15:50:16:859] [INFO] [1] - cn.ty.util.database.DbUtil.test(DbUtil.java:80) - 删除开始。
[2021-04-26 15:50:16:877] [INFO] [1] - cn.ty.util.database.DbUtil.test(DbUtil.java:83) - 删除结束。
[2021-04-26 15:50:17:321] [INFO] [1] - cn.ty.util.database.DbUtil.test(DbUtil.java:93) - 插入开始。
[2021-04-26 15:50:17:469] [INFO] [1] - cn.ty.util.database.DbUtil.test(DbUtil.java:96) - 插入结束。
[2021-04-26 15:50:19:478] [INFO] [1] - cn.ty.util.database.DbUtil.test(DbUtil.java:73) - 查询开始。
[2021-04-26 15:50:19:486] [INFO] [1] - cn.ty.util.database.DbUtil.test(DbUtil.java:75) - 查询开始结束。
[2021-04-26 15:50:19:487] [INFO] [1] - cn.ty.util.database.DbUtil.test(DbUtil.java:80) - 删除开始。
[2021-04-26 15:50:19:500] [INFO] [1] - cn.ty.util.database.DbUtil.test(DbUtil.java:83) - 删除结束。
[2021-04-26 15:50:19:960] [INFO] [1] - cn.ty.util.database.DbUtil.test(DbUtil.java:93) - 插入开始。
[2021-04-26 15:50:20:089] [INFO] [1] - cn.ty.util.database.DbUtil.test(DbUtil.java:96) - 插入结束。
[2021-04-26 15:50:22:096] [INFO] [1] - cn.ty.util.database.DbUtil.test(DbUtil.java:73) - 查询开始。
[2021-04-26 15:50:22:104] [INFO] [1] - cn.ty.util.database.DbUtil.test(DbUtil.java:75) - 查询开始结束。
[2021-04-26 15:50:22:105] [INFO] [1] - cn.ty.util.database.DbUtil.test(DbUtil.java:80) - 删除开始。
[2021-04-26 15:50:22:122] [INFO] [1] - cn.ty.util.database.DbUtil.test(DbUtil.java:83) - 删除结束。
[2021-04-26 15:50:22:555] [INFO] [1] - cn.ty.util.database.DbUtil.test(DbUtil.java:93) - 插入开始。
[2021-04-26 15:50:22:705] [INFO] [1] - cn.ty.util.database.DbUtil.test(DbUtil.java:96) - 插入结束。
[2021-04-26 15:50:24:716] [INFO] [1] - cn.ty.util.database.DbUtil.test(DbUtil.java:73) - 查询开始。
[2021-04-26 15:50:24:723] [INFO] [1] - cn.ty.util.database.DbUtil.test(DbUtil.java:75) - 查询开始结束。
[2021-04-26 15:50:24:724] [INFO] [1] - cn.ty.util.database.DbUtil.test(DbUtil.java:80) - 删除开始。
[2021-04-26 15:50:24:747] [INFO] [1] - cn.ty.util.database.DbUtil.test(DbUtil.java:83) - 删除结束。
[2021-04-26 15:50:25:215] [INFO] [1] - cn.ty.util.database.DbUtil.test(DbUtil.java:93) - 插入开始。
[2021-04-26 15:50:25:390] [INFO] [1] - cn.ty.util.database.DbUtil.test(DbUtil.java:96) - 插入结束。
[2021-04-26 15:50:27:402] [INFO] [1] - cn.ty.util.database.DbUtil.test(DbUtil.java:73) - 查询开始。
[2021-04-26 15:50:27:410] [INFO] [1] - cn.ty.util.database.DbUtil.test(DbUtil.java:75) - 查询开始结束。
[2021-04-26 15:50:27:411] [INFO] [1] - cn.ty.util.database.DbUtil.test(DbUtil.java:80) - 删除开始。
[2021-04-26 15:50:27:429] [INFO] [1] - cn.ty.util.database.DbUtil.test(DbUtil.java:83) - 删除结束。
[2021-04-26 15:50:27:862] [INFO] [1] - cn.ty.util.database.DbUtil.test(DbUtil.java:93) - 插入开始。
[2021-04-26 15:50:31:218] [INFO] [1] - cn.ty.util.database.DbUtil.test(DbUtil.java:96) - 插入结束。
[2021-04-26 15:50:33:228] [INFO] [1] - cn.ty.util.database.DbUtil.test(DbUtil.java:73) - 查询开始。
[2021-04-26 15:50:38:547] [INFO] [1] - cn.ty.util.database.DbUtil.test(DbUtil.java:75) - 查询开始结束。
[2021-04-26 15:50:38:548] [INFO] [1] - cn.ty.util.database.DbUtil.test(DbUtil.java:80) - 删除开始。
[2021-04-26 15:50:38:583] [INFO] [1] - cn.ty.util.database.DbUtil.test(DbUtil.java:83) - 删除结束。
[2021-04-26 15:50:39:261] [INFO] [1] - cn.ty.util.database.DbUtil.test(DbUtil.java:93) - 插入开始。
[2021-04-26 15:50:39:490] [INFO] [1] - cn.ty.util.database.DbUtil.test(DbUtil.java:96) - 插入结束。
[2021-04-26 15:50:41:499] [INFO] [1] - cn.ty.util.database.DbUtil.test(DbUtil.java:73) - 查询开始。
[2021-04-26 15:50:41:513] [INFO] [1] - cn.ty.util.database.DbUtil.test(DbUtil.java:75) - 查询开始结束。
[2021-04-26 15:50:41:514] [INFO] [1] - cn.ty.util.database.DbUtil.test(DbUtil.java:80) - 删除开始。
[2021-04-26 15:50:41:556] [INFO] [1] - cn.ty.util.database.DbUtil.test(DbUtil.java:83) - 删除结束。
[2021-04-26 15:50:42:180] [INFO] [1] - cn.ty.util.database.DbUtil.test(DbUtil.java:93) - 插入开始。
[2021-04-26 15:50:42:410] [INFO] [1] - cn.ty.util.database.DbUtil.test(DbUtil.java:96) - 插入结束。
[2021-04-26 15:50:44:424] [INFO] [1] - cn.ty.util.database.DbUtil.test(DbUtil.java:73) - 查询开始。
[2021-04-26 15:50:44:430] [INFO] [1] - cn.ty.util.database.DbUtil.test(DbUtil.java:75) - 查询开始结束。
[2021-04-26 15:50:44:430] [INFO] [1] - cn.ty.util.database.DbUtil.test(DbUtil.java:80) - 删除开始。
[2021-04-26 15:50:44:440] [INFO] [1] - cn.ty.util.database.DbUtil.test(DbUtil.java:83) - 删除结束。
[2021-04-26 15:50:44:911] [INFO] [1] - cn.ty.util.database.DbUtil.test(DbUtil.java:93) - 插入开始。
[2021-04-26 15:50:45:154] [INFO] [1] - cn.ty.util.database.DbUtil.test(DbUtil.java:96) - 插入结束。
[2021-04-26 15:50:47:163] [INFO] [1] - cn.ty.util.database.DbUtil.test(DbUtil.java:73) - 查询开始。
[2021-04-26 15:50:47:171] [INFO] [1] - cn.ty.util.database.DbUtil.test(DbUtil.java:75) - 查询开始结束。
[2021-04-26 15:50:47:172] [INFO] [1] - cn.ty.util.database.DbUtil.test(DbUtil.java:80) - 删除开始。
[2021-04-26 15:50:47:183] [INFO] [1] - cn.ty.util.database.DbUtil.test(DbUtil.java:83) - 删除结束。
[2021-04-26 15:50:47:655] [INFO] [1] - cn.ty.util.database.DbUtil.test(DbUtil.java:93) - 插入开始。
[2021-04-26 15:50:47:888] [INFO] [1] - cn.ty.util.database.DbUtil.test(DbUtil.java:96) - 插入结束。
[2021-04-26 15:50:49:896] [INFO] [1] - cn.ty.util.database.DbUtil.test(DbUtil.java:73) - 查询开始。
[2021-04-26 15:50:49:905] [INFO] [1] - cn.ty.util.database.DbUtil.test(DbUtil.java:75) - 查询开始结束。
[2021-04-26 15:50:49:906] [INFO] [1] - cn.ty.util.database.DbUtil.test(DbUtil.java:80) - 删除开始。
[2021-04-26 15:50:49:921] [INFO] [1] - cn.ty.util.database.DbUtil.test(DbUtil.java:83) - 删除结束。
[2021-04-26 15:50:50:393] [INFO] [1] - cn.ty.util.database.DbUtil.test(DbUtil.java:93) - 插入开始。
[2021-04-26 15:50:50:546] [INFO] [1] - cn.ty.util.database.DbUtil.test(DbUtil.java:96) - 插入结束。
[2021-04-26 15:50:52:561] [INFO] [1] - cn.ty.util.database.DbUtil.test(DbUtil.java:73) - 查询开始。
[2021-04-26 15:50:52:567] [INFO] [1] - cn.ty.util.database.DbUtil.test(DbUtil.java:75) - 查询开始结束。
[2021-04-26 15:50:52:568] [INFO] [1] - cn.ty.util.database.DbUtil.test(DbUtil.java:80) - 删除开始。
[2021-04-26 15:50:52:583] [INFO] [1] - cn.ty.util.database.DbUtil.test(DbUtil.java:83) - 删除结束。
[2021-04-26 15:50:53:136] [INFO] [1] - cn.ty.util.database.DbUtil.test(DbUtil.java:93) - 插入开始。
[2021-04-26 15:50:54:971] [INFO] [1] - cn.ty.util.database.DbUtil.test(DbUtil.java:96) - 插入结束。
[2021-04-26 15:50:56:979] [INFO] [1] - cn.ty.util.database.DbUtil.test(DbUtil.java:73) - 查询开始。
[2021-04-26 15:50:56:987] [INFO] [1] - cn.ty.util.database.DbUtil.test(DbUtil.java:75) - 查询开始结束。
[2021-04-26 15:50:56:988] [INFO] [1] - cn.ty.util.database.DbUtil.test(DbUtil.java:80) - 删除开始。
[2021-04-26 15:50:57:012] [INFO] [1] - cn.ty.util.database.DbUtil.test(DbUtil.java:83) - 删除结束。
[2021-04-26 15:50:57:523] [INFO] [1] - cn.ty.util.database.DbUtil.test(DbUtil.java:93) - 插入开始。
[2021-04-26 15:50:57:642] [INFO] [1] - cn.ty.util.database.DbUtil.test(DbUtil.java:96) - 插入结束。
[2021-04-26 15:50:59:657] [INFO] [1] - cn.ty.util.database.DbUtil.test(DbUtil.java:73) - 查询开始。
[2021-04-26 15:50:59:664] [INFO] [1] - cn.ty.util.database.DbUtil.test(DbUtil.java:75) - 查询开始结束。
[2021-04-26 15:50:59:665] [INFO] [1] - cn.ty.util.database.DbUtil.test(DbUtil.java:80) - 删除开始。
[2021-04-26 15:50:59:676] [INFO] [1] - cn.ty.util.database.DbUtil.test(DbUtil.java:83) - 删除结束。
[2021-04-26 15:51:00:199] [INFO] [1] - cn.ty.util.database.DbUtil.test(DbUtil.java:93) - 插入开始。
[2021-04-26 15:51:00:378] [INFO] [1] - cn.ty.util.database.DbUtil.test(DbUtil.java:96) - 插入结束。
[2021-04-26 15:51:02:392] [INFO] [1] - cn.ty.util.database.DbUtil.test(DbUtil.java:73) - 查询开始。
[2021-04-26 15:51:02:398] [INFO] [1] - cn.ty.util.database.DbUtil.test(DbUtil.java:75) - 查询开始结束。
[2021-04-26 15:51:02:399] [INFO] [1] - cn.ty.util.database.DbUtil.test(DbUtil.java:80) - 删除开始。
[2021-04-26 15:51:02:421] [INFO] [1] - cn.ty.util.database.DbUtil.test(DbUtil.java:83) - 删除结束。
[2021-04-26 15:51:02:873] [INFO] [1] - cn.ty.util.database.DbUtil.test(DbUtil.java:93) - 插入开始。
[2021-04-26 15:51:03:036] [INFO] [1] - cn.ty.util.database.DbUtil.test(DbUtil.java:96) - 插入结束。
[2021-04-26 15:51:05:046] [INFO] [1] - cn.ty.util.database.DbUtil.test(DbUtil.java:73) - 查询开始。
[2021-04-26 15:51:05:054] [INFO] [1] - cn.ty.util.database.DbUtil.test(DbUtil.java:75) - 查询开始结束。
[2021-04-26 15:51:05:055] [INFO] [1] - cn.ty.util.database.DbUtil.test(DbUtil.java:80) - 删除开始。
[2021-04-26 15:51:05:076] [INFO] [1] - cn.ty.util.database.DbUtil.test(DbUtil.java:83) - 删除结束。
[2021-04-26 15:51:05:546] [INFO] [1] - cn.ty.util.database.DbUtil.test(DbUtil.java:93) - 插入开始。
[2021-04-26 15:51:05:735] [INFO] [1] - cn.ty.util.database.DbUtil.test(DbUtil.java:96) - 插入结束。
[2021-04-26 15:51:07:751] [INFO] [1] - cn.ty.util.database.DbUtil.test(DbUtil.java:73) - 查询开始。
[2021-04-26 15:51:07:758] [INFO] [1] - cn.ty.util.database.DbUtil.test(DbUtil.java:75) - 查询开始结束。
[2021-04-26 15:51:07:758] [INFO] [1] - cn.ty.util.database.DbUtil.test(DbUtil.java:80) - 删除开始。
[2021-04-26 15:51:07:772] [INFO] [1] - cn.ty.util.database.DbUtil.test(DbUtil.java:83) - 删除结束。
[2021-04-26 15:51:08:242] [INFO] [1] - cn.ty.util.database.DbUtil.test(DbUtil.java:93) - 插入开始。
[2021-04-26 15:51:08:383] [INFO] [1] - cn.ty.util.database.DbUtil.test(DbUtil.java:96) - 插入结束。
[2021-04-26 15:51:10:392] [INFO] [1] - cn.ty.util.database.DbUtil.test(DbUtil.java:73) - 查询开始。
[2021-04-26 15:51:10:398] [INFO] [1] - cn.ty.util.database.DbUtil.test(DbUtil.java:75) - 查询开始结束。
[2021-04-26 15:51:10:399] [INFO] [1] - cn.ty.util.database.DbUtil.test(DbUtil.java:80) - 删除开始。
[2021-04-26 15:51:10:429] [INFO] [1] - cn.ty.util.database.DbUtil.test(DbUtil.java:83) - 删除结束。
[2021-04-26 15:51:10:893] [INFO] [1] - cn.ty.util.database.DbUtil.test(DbUtil.java:93) - 插入开始。
[2021-04-26 15:51:12:341] [INFO] [1] - cn.ty.util.database.DbUtil.test(DbUtil.java:96) - 插入结束。
[2021-04-26 15:51:14:350] [INFO] [1] - cn.ty.util.database.DbUtil.test(DbUtil.java:73) - 查询开始。
[2021-04-26 15:51:14:357] [INFO] [1] - cn.ty.util.database.DbUtil.test(DbUtil.java:75) - 查询开始结束。
[2021-04-26 15:51:14:357] [INFO] [1] - cn.ty.util.database.DbUtil.test(DbUtil.java:80) - 删除开始。
[2021-04-26 15:51:14:377] [INFO] [1] - cn.ty.util.database.DbUtil.test(DbUtil.java:83) - 删除结束。
[2021-04-26 15:51:14:838] [INFO] [1] - cn.ty.util.database.DbUtil.test(DbUtil.java:93) - 插入开始。
[2021-04-26 15:51:14:976] [INFO] [1] - cn.ty.util.database.DbUtil.test(DbUtil.java:96) - 插入结束。
[2021-04-26 15:54:44:700] [INFO] [1] - cn.ty.util.database.DbUtil.test(DbUtil.java:74) - 查询开始。
[2021-04-26 15:54:44:781] [INFO] [1] - cn.ty.util.database.DbUtil.test(DbUtil.java:77) - 查询开始结束。-72
[2021-04-26 15:54:44:782] [INFO] [1] - cn.ty.util.database.DbUtil.test(DbUtil.java:82) - 删除开始。
[2021-04-26 15:54:44:808] [INFO] [1] - cn.ty.util.database.DbUtil.test(DbUtil.java:86) - 删除结束。-25
[2021-04-26 15:54:45:413] [INFO] [1] - cn.ty.util.database.DbUtil.test(DbUtil.java:96) - 插入开始。
[2021-04-26 15:54:45:615] [INFO] [1] - cn.ty.util.database.DbUtil.test(DbUtil.java:100) - 插入结束。-201
[2021-04-26 15:54:47:627] [INFO] [1] - cn.ty.util.database.DbUtil.test(DbUtil.java:74) - 查询开始。
[2021-04-26 15:54:47:634] [INFO] [1] - cn.ty.util.database.DbUtil.test(DbUtil.java:77) - 查询开始结束。-6
[2021-04-26 15:54:47:634] [INFO] [1] - cn.ty.util.database.DbUtil.test(DbUtil.java:82) - 删除开始。
[2021-04-26 15:54:47:648] [INFO] [1] - cn.ty.util.database.DbUtil.test(DbUtil.java:86) - 删除结束。-12
[2021-04-26 15:54:48:165] [INFO] [1] - cn.ty.util.database.DbUtil.test(DbUtil.java:96) - 插入开始。
[2021-04-26 15:54:48:299] [INFO] [1] - cn.ty.util.database.DbUtil.test(DbUtil.java:100) - 插入结束。-133
[2021-04-26 15:54:50:312] [INFO] [1] - cn.ty.util.database.DbUtil.test(DbUtil.java:74) - 查询开始。
[2021-04-26 15:54:50:321] [INFO] [1] - cn.ty.util.database.DbUtil.test(DbUtil.java:77) - 查询开始结束。-8
[2021-04-26 15:54:50:321] [INFO] [1] - cn.ty.util.database.DbUtil.test(DbUtil.java:82) - 删除开始。
[2021-04-26 15:54:50:342] [INFO] [1] - cn.ty.util.database.DbUtil.test(DbUtil.java:86) - 删除结束。-20
[2021-04-26 15:54:50:846] [INFO] [1] - cn.ty.util.database.DbUtil.test(DbUtil.java:96) - 插入开始。
[2021-04-26 15:54:50:973] [INFO] [1] - cn.ty.util.database.DbUtil.test(DbUtil.java:100) - 插入结束。-127
[2021-04-26 15:54:52:984] [INFO] [1] - cn.ty.util.database.DbUtil.test(DbUtil.java:74) - 查询开始。
[2021-04-26 15:54:52:992] [INFO] [1] - cn.ty.util.database.DbUtil.test(DbUtil.java:77) - 查询开始结束。-7
[2021-04-26 15:54:52:993] [INFO] [1] - cn.ty.util.database.DbUtil.test(DbUtil.java:82) - 删除开始。
[2021-04-26 15:54:53:013] [INFO] [1] - cn.ty.util.database.DbUtil.test(DbUtil.java:86) - 删除结束。-19
[2021-04-26 15:54:53:502] [INFO] [1] - cn.ty.util.database.DbUtil.test(DbUtil.java:96) - 插入开始。
[2021-04-26 15:54:53:658] [INFO] [1] - cn.ty.util.database.DbUtil.test(DbUtil.java:100) - 插入结束。-155
[2021-04-26 15:54:55:672] [INFO] [1] - cn.ty.util.database.DbUtil.test(DbUtil.java:74) - 查询开始。
[2021-04-26 15:54:55:681] [INFO] [1] - cn.ty.util.database.DbUtil.test(DbUtil.java:77) - 查询开始结束。-8
[2021-04-26 15:54:55:682] [INFO] [1] - cn.ty.util.database.DbUtil.test(DbUtil.java:82) - 删除开始。
[2021-04-26 15:54:55:702] [INFO] [1] - cn.ty.util.database.DbUtil.test(DbUtil.java:86) - 删除结束。-20
[2021-04-26 15:54:56:255] [INFO] [1] - cn.ty.util.database.DbUtil.test(DbUtil.java:96) - 插入开始。
[2021-04-26 15:54:57:664] [INFO] [1] - cn.ty.util.database.DbUtil.test(DbUtil.java:100) - 插入结束。-1409
[2021-04-26 15:54:59:675] [INFO] [1] - cn.ty.util.database.DbUtil.test(DbUtil.java:74) - 查询开始。
[2021-04-26 15:54:59:683] [INFO] [1] - cn.ty.util.database.DbUtil.test(DbUtil.java:77) - 查询开始结束。-7
[2021-04-26 15:54:59:684] [INFO] [1] - cn.ty.util.database.DbUtil.test(DbUtil.java:82) - 删除开始。
[2021-04-26 15:54:59:702] [INFO] [1] - cn.ty.util.database.DbUtil.test(DbUtil.java:86) - 删除结束。-17
[2021-04-26 15:55:00:216] [INFO] [1] - cn.ty.util.database.DbUtil.test(DbUtil.java:96) - 插入开始。
[2021-04-26 15:55:00:350] [INFO] [1] - cn.ty.util.database.DbUtil.test(DbUtil.java:100) - 插入结束。-133
[2021-04-26 15:55:02:362] [INFO] [1] - cn.ty.util.database.DbUtil.test(DbUtil.java:74) - 查询开始。
[2021-04-26 15:55:02:385] [INFO] [1] - cn.ty.util.database.DbUtil.test(DbUtil.java:77) - 查询开始结束。-22
[2021-04-26 15:55:02:386] [INFO] [1] - cn.ty.util.database.DbUtil.test(DbUtil.java:82) - 删除开始。
[2021-04-26 15:55:02:418] [INFO] [1] - cn.ty.util.database.DbUtil.test(DbUtil.java:86) - 删除结束。-31
[2021-04-26 15:55:02:953] [INFO] [1] - cn.ty.util.database.DbUtil.test(DbUtil.java:96) - 插入开始。
[2021-04-26 15:55:03:158] [INFO] [1] - cn.ty.util.database.DbUtil.test(DbUtil.java:100) - 插入结束。-204
[2021-04-26 15:55:05:167] [INFO] [1] - cn.ty.util.database.DbUtil.test(DbUtil.java:74) - 查询开始。
[2021-04-26 15:55:05:176] [INFO] [1] - cn.ty.util.database.DbUtil.test(DbUtil.java:77) - 查询开始结束。-8
[2021-04-26 15:55:05:177] [INFO] [1] - cn.ty.util.database.DbUtil.test(DbUtil.java:82) - 删除开始。
[2021-04-26 15:55:05:195] [INFO] [1] - cn.ty.util.database.DbUtil.test(DbUtil.java:86) - 删除结束。-18
